2025-04-23 20:20:37.315 [info] Reading sessions from keychain...
2025-04-23 20:20:37.315 [info] Getting sessions for all scopes...
2025-04-23 20:20:37.315 [info] Getting sessions for all scopes...
2025-04-23 20:20:37.315 [info] Got stored sessions!
2025-04-23 20:20:37.315 [info] Got 2 verified sessions.
2025-04-23 20:20:37.315 [info] Got 2 sessions for ...
2025-04-23 20:20:37.315 [info] Got 2 sessions for ...
2025-04-23 20:20:37.315 [info] Getting sessions for all scopes...
2025-04-23 20:20:37.315 [info] Got 2 sessions for ...
2025-04-23 20:20:37.315 [info] Getting sessions for all scopes...
2025-04-23 20:20:37.315 [info] Got 2 sessions for ...
2025-04-23 20:20:37.315 [info] Getting sessions for read:user,repo,user:email,workflow...
2025-04-23 20:20:37.316 [info] Got 1 sessions for read:user,repo,user:email,workflow...
2025-04-23 20:20:37.316 [info] Getting sessions for read:user,repo,user:email,workflow...
2025-04-23 20:20:37.316 [info] Got 1 sessions for read:user,repo,user:email,workflow...
2025-04-23 20:20:37.457 [info] Getting sessions for read:user,repo,user:email,workflow...
2025-04-23 20:20:37.457 [info] Got 1 sessions for read:user,repo,user:email,workflow...
2025-04-23 20:20:37.537 [info] Getting sessions for user:email...
2025-04-23 20:20:37.537 [info] Got 1 sessions for user:email...
2025-04-23 20:20:37.537 [info] Getting sessions for read:user,repo,user:email,workflow...
2025-04-23 20:20:37.537 [info] Got 1 sessions for read:user,repo,user:email,workflow...
2025-04-23 20:20:37.696 [info] Getting sessions for read:user...
2025-04-23 20:20:37.696 [info] Got 0 sessions for read:user...
2025-04-23 20:20:37.752 [info] Getting sessions for user:email...
2025-04-23 20:20:37.752 [info] Got 1 sessions for user:email...
2025-04-23 20:20:37.755 [info] Getting sessions for all scopes...
2025-04-23 20:20:37.755 [info] Got 2 sessions for ...
2025-04-23 20:20:37.789 [info] Getting sessions for all scopes...
2025-04-23 20:20:37.789 [info] Got 2 sessions for ...
2025-04-23 20:20:37.797 [info] Getting sessions for read:user,repo,user:email,workflow...
2025-04-23 20:20:37.797 [info] Got 1 sessions for read:user,repo,user:email,workflow...
2025-04-23 20:20:37.797 [info] Getting sessions for all scopes...
2025-04-23 20:20:37.797 [info] Got 2 sessions for ...
2025-04-23 20:20:37.797 [info] Getting sessions for user:email...
2025-04-23 20:20:37.798 [info] Got 1 sessions for user:email...
2025-04-23 20:20:37.798 [info] Getting sessions for read:user,repo,user:email,workflow...
2025-04-23 20:20:37.798 [info] Got 1 sessions for read:user,repo,user:email,workflow...
2025-04-23 20:20:37.798 [info] Getting sessions for read:user...
2025-04-23 20:20:37.798 [info] Got 0 sessions for read:user...
2025-04-23 20:20:37.798 [info] Getting sessions for read:user,repo,user:email,workflow...
2025-04-23 20:20:37.798 [info] Got 1 sessions for read:user,repo,user:email,workflow...
2025-04-23 20:20:37.799 [info] Getting sessions for user:email...
2025-04-23 20:20:37.799 [info] Got 1 sessions for user:email...
2025-04-23 20:20:37.803 [info] Getting sessions for all scopes...
2025-04-23 20:20:37.803 [info] Got 2 sessions for ...
2025-04-23 20:20:37.803 [info] Getting sessions for read:user,repo,user:email,workflow...
2025-04-23 20:20:37.803 [info] Got 1 sessions for read:user,repo,user:email,workflow...
2025-04-23 20:20:37.804 [info] Getting sessions for user:email...
2025-04-23 20:20:37.804 [info] Got 1 sessions for user:email...
2025-04-23 20:20:37.805 [info] Getting sessions for read:user...
2025-04-23 20:20:37.805 [info] Got 0 sessions for read:user...
2025-04-23 20:20:37.805 [info] Getting sessions for user:email...
2025-04-23 20:20:37.805 [info] Got 1 sessions for user:email...
2025-04-23 20:20:37.806 [info] Getting sessions for all scopes...
2025-04-23 20:20:37.806 [info] Got 2 sessions for ...
2025-04-23 20:20:37.807 [info] Getting sessions for read:user,repo,user:email,workflow...
2025-04-23 20:20:37.807 [info] Got 1 sessions for read:user,repo,user:email,workflow...
2025-04-23 20:20:37.808 [info] Getting sessions for user:email...
2025-04-23 20:20:37.808 [info] Got 1 sessions for user:email...
2025-04-23 20:20:37.809 [info] Getting sessions for read:user...
2025-04-23 20:20:37.809 [info] Got 0 sessions for read:user...
2025-04-23 20:20:37.809 [info] Getting sessions for user:email...
2025-04-23 20:20:37.809 [info] Got 1 sessions for user:email...
2025-04-23 20:20:37.810 [info] Getting sessions for all scopes...
2025-04-23 20:20:37.810 [info] Got 2 sessions for ...
2025-04-23 20:20:37.810 [info] Getting sessions for read:user,repo,user:email,workflow...
2025-04-23 20:20:37.810 [info] Got 1 sessions for read:user,repo,user:email,workflow...
2025-04-23 20:20:37.811 [info] Getting sessions for user:email...
2025-04-23 20:20:37.811 [info] Got 1 sessions for user:email...
2025-04-23 20:20:37.811 [info] Getting sessions for read:user...
2025-04-23 20:20:37.811 [info] Got 0 sessions for read:user...
2025-04-23 20:20:37.812 [info] Getting sessions for user:email...
2025-04-23 20:20:37.812 [info] Got 1 sessions for user:email...
2025-04-23 20:20:38.215 [info] Getting sessions for read:user,repo,user:email,workflow...
2025-04-23 20:20:38.215 [info] Got 1 sessions for read:user,repo,user:email,workflow...
2025-04-23 20:35:37.816 [info] Getting sessions for all scopes...
2025-04-23 20:35:37.816 [info] Got 2 sessions for ...
2025-04-23 20:35:37.817 [info] Getting sessions for read:user,repo,user:email,workflow...
2025-04-23 20:35:37.817 [info] Got 1 sessions for read:user,repo,user:email,workflow...
2025-04-23 20:35:37.818 [info] Getting sessions for user:email...
2025-04-23 20:35:37.818 [info] Got 1 sessions for user:email...
2025-04-23 20:35:37.819 [info] Getting sessions for read:user...
2025-04-23 20:35:37.819 [info] Got 0 sessions for read:user...
2025-04-23 20:35:37.820 [info] Getting sessions for user:email...
2025-04-23 20:35:37.820 [info] Got 1 sessions for user:email...
2025-04-23 20:35:37.820 [info] Getting sessions for all scopes...
2025-04-23 20:35:37.820 [info] Got 2 sessions for ...
2025-04-23 20:35:37.821 [info] Getting sessions for read:user,repo,user:email,workflow...
2025-04-23 20:35:37.821 [info] Got 1 sessions for read:user,repo,user:email,workflow...
2025-04-23 20:35:37.823 [info] Getting sessions for user:email...
2025-04-23 20:35:37.823 [info] Got 1 sessions for user:email...
2025-04-23 20:35:37.823 [info] Getting sessions for read:user...
2025-04-23 20:35:37.823 [info] Got 0 sessions for read:user...
2025-04-23 20:35:37.824 [info] Getting sessions for user:email...
2025-04-23 20:35:37.824 [info] Got 1 sessions for user:email...
2025-04-23 20:39:11.687 [info] Getting sessions for read:user,repo,user:email,workflow...
2025-04-23 20:39:11.687 [info] Got 1 sessions for read:user,repo,user:email,workflow...
2025-04-23 20:50:05.806 [info] Getting sessions for read:user,repo,user:email,workflow...
2025-04-23 20:50:05.806 [info] Got 1 sessions for read:user,repo,user:email,workflow...
2025-04-23 20:50:09.610 [info] Getting sessions for read:user,repo,user:email,workflow...
2025-04-23 20:50:09.610 [info] Got 1 sessions for read:user,repo,user:email,workflow...
2025-04-23 20:50:10.271 [info] Getting sessions for read:user,repo,user:email,workflow...
2025-04-23 20:50:10.271 [info] Got 1 sessions for read:user,repo,user:email,workflow...
2025-04-23 20:50:37.826 [info] Getting sessions for all scopes...
2025-04-23 20:50:37.826 [info] Got 2 sessions for ...
2025-04-23 20:50:37.827 [info] Getting sessions for read:user,repo,user:email,workflow...
2025-04-23 20:50:37.828 [info] Got 1 sessions for read:user,repo,user:email,workflow...
2025-04-23 20:50:37.828 [info] Getting sessions for user:email...
2025-04-23 20:50:37.828 [info] Got 1 sessions for user:email...
2025-04-23 20:50:37.829 [info] Getting sessions for read:user...
2025-04-23 20:50:37.829 [info] Got 0 sessions for read:user...
2025-04-23 20:50:37.830 [info] Getting sessions for user:email...
2025-04-23 20:50:37.830 [info] Got 1 sessions for user:email...
2025-04-23 20:50:37.831 [info] Getting sessions for all scopes...
2025-04-23 20:50:37.831 [info] Got 2 sessions for ...
2025-04-23 20:50:37.831 [info] Getting sessions for read:user,repo,user:email,workflow...
2025-04-23 20:50:37.832 [info] Got 1 sessions for read:user,repo,user:email,workflow...
2025-04-23 20:50:37.832 [info] Getting sessions for user:email...
2025-04-23 20:50:37.832 [info] Got 1 sessions for user:email...
2025-04-23 20:50:37.833 [info] Getting sessions for read:user...
2025-04-23 20:50:37.833 [info] Got 0 sessions for read:user...
2025-04-23 20:50:37.834 [info] Getting sessions for user:email...
2025-04-23 20:50:37.834 [info] Got 1 sessions for user:email...
2025-04-23 21:04:26.229 [info] Getting sessions for read:user,repo,user:email,workflow...
2025-04-23 21:04:26.229 [info] Got 1 sessions for read:user,repo,user:email,workflow...
2025-04-23 21:04:31.192 [info] Getting sessions for read:user,repo,user:email,workflow...
2025-04-23 21:04:31.192 [info] Got 1 sessions for read:user,repo,user:email,workflow...
2025-04-23 21:05:37.836 [info] Getting sessions for all scopes...
2025-04-23 21:05:37.836 [info] Got 2 sessions for ...
2025-04-23 21:05:37.837 [info] Getting sessions for read:user,repo,user:email,workflow...
2025-04-23 21:05:37.837 [info] Got 1 sessions for read:user,repo,user:email,workflow...
2025-04-23 21:05:37.838 [info] Getting sessions for user:email...
2025-04-23 21:05:37.838 [info] Got 1 sessions for user:email...
2025-04-23 21:05:37.838 [info] Getting sessions for read:user...
2025-04-23 21:05:37.838 [info] Got 0 sessions for read:user...
2025-04-23 21:05:37.839 [info] Getting sessions for user:email...
2025-04-23 21:05:37.839 [info] Got 1 sessions for user:email...
2025-04-23 21:05:37.840 [info] Getting sessions for all scopes...
2025-04-23 21:05:37.840 [info] Got 2 sessions for ...
2025-04-23 21:05:37.840 [info] Getting sessions for read:user,repo,user:email,workflow...
2025-04-23 21:05:37.840 [info] Got 1 sessions for read:user,repo,user:email,workflow...
2025-04-23 21:05:37.841 [info] Getting sessions for user:email...
2025-04-23 21:05:37.841 [info] Got 1 sessions for user:email...
2025-04-23 21:05:37.842 [info] Getting sessions for read:user...
2025-04-23 21:05:37.842 [info] Got 0 sessions for read:user...
2025-04-23 21:05:37.842 [info] Getting sessions for user:email...
2025-04-23 21:05:37.842 [info] Got 1 sessions for user:email...
2025-04-23 21:07:00.177 [info] Getting sessions for read:user,repo,user:email,workflow...
2025-04-23 21:07:00.177 [info] Got 1 sessions for read:user,repo,user:email,workflow...
