2025-04-23 18:47:49.046 [info] Reading sessions from keychain...
2025-04-23 18:47:49.046 [info] Getting sessions for all scopes...
2025-04-23 18:47:49.046 [info] Getting sessions for all scopes...
2025-04-23 18:47:49.046 [info] Getting sessions for all scopes...
2025-04-23 18:47:49.046 [info] Getting sessions for all scopes...
2025-04-23 18:47:49.046 [info] Getting sessions for read:user,repo,user:email,workflow...
2025-04-23 18:47:49.123 [info] Got stored sessions!
2025-04-23 18:47:49.123 [info] Got 2 verified sessions.
2025-04-23 18:47:49.123 [info] Got 2 sessions for ...
2025-04-23 18:47:49.123 [info] Got 2 sessions for ...
2025-04-23 18:47:49.123 [info] Got 2 sessions for ...
2025-04-23 18:47:49.123 [info] Got 2 sessions for ...
2025-04-23 18:47:49.123 [info] Got 1 sessions for read:user,repo,user:email,workflow...
2025-04-23 18:47:49.129 [info] Getting sessions for read:user,repo,user:email,workflow...
2025-04-23 18:47:49.129 [info] Got 1 sessions for read:user,repo,user:email,workflow...
2025-04-23 18:47:49.131 [info] Getting sessions for user:email...
2025-04-23 18:47:49.131 [info] Got 1 sessions for user:email...
2025-04-23 18:47:49.131 [info] Getting sessions for read:user,repo,user:email,workflow...
2025-04-23 18:47:49.131 [info] Got 1 sessions for read:user,repo,user:email,workflow...
2025-04-23 18:47:49.219 [info] Getting sessions for read:user...
2025-04-23 18:47:49.219 [info] Got 0 sessions for read:user...
2025-04-23 18:47:49.228 [info] Getting sessions for user:email...
2025-04-23 18:47:49.228 [info] Got 1 sessions for user:email...
2025-04-23 18:47:49.229 [info] Getting sessions for all scopes...
2025-04-23 18:47:49.229 [info] Got 2 sessions for ...
2025-04-23 18:47:49.229 [info] Getting sessions for all scopes...
2025-04-23 18:47:49.229 [info] Got 2 sessions for ...
2025-04-23 18:47:49.230 [info] Getting sessions for read:user,repo,user:email,workflow...
2025-04-23 18:47:49.230 [info] Got 1 sessions for read:user,repo,user:email,workflow...
2025-04-23 18:47:49.230 [info] Getting sessions for user:email...
2025-04-23 18:47:49.230 [info] Got 1 sessions for user:email...
2025-04-23 18:47:49.231 [info] Getting sessions for read:user...
2025-04-23 18:47:49.231 [info] Got 0 sessions for read:user...
2025-04-23 18:47:49.232 [info] Getting sessions for user:email...
2025-04-23 18:47:49.232 [info] Got 1 sessions for user:email...
2025-04-23 18:47:49.235 [info] Getting sessions for all scopes...
2025-04-23 18:47:49.235 [info] Got 2 sessions for ...
2025-04-23 18:47:49.235 [info] Getting sessions for read:user,repo,user:email,workflow...
2025-04-23 18:47:49.235 [info] Got 1 sessions for read:user,repo,user:email,workflow...
2025-04-23 18:47:49.236 [info] Getting sessions for user:email...
2025-04-23 18:47:49.236 [info] Got 1 sessions for user:email...
2025-04-23 18:47:49.236 [info] Getting sessions for read:user...
2025-04-23 18:47:49.236 [info] Got 0 sessions for read:user...
2025-04-23 18:47:49.237 [info] Getting sessions for user:email...
2025-04-23 18:47:49.237 [info] Got 1 sessions for user:email...
2025-04-23 18:47:49.238 [info] Getting sessions for all scopes...
2025-04-23 18:47:49.238 [info] Got 2 sessions for ...
2025-04-23 18:47:49.238 [info] Getting sessions for read:user,repo,user:email,workflow...
2025-04-23 18:47:49.238 [info] Got 1 sessions for read:user,repo,user:email,workflow...
2025-04-23 18:47:49.239 [info] Getting sessions for user:email...
2025-04-23 18:47:49.239 [info] Got 1 sessions for user:email...
2025-04-23 18:47:49.239 [info] Getting sessions for read:user...
2025-04-23 18:47:49.239 [info] Got 0 sessions for read:user...
2025-04-23 18:47:49.240 [info] Getting sessions for user:email...
2025-04-23 18:47:49.240 [info] Got 1 sessions for user:email...
2025-04-23 18:47:49.240 [info] Getting sessions for all scopes...
2025-04-23 18:47:49.240 [info] Got 2 sessions for ...
2025-04-23 18:47:49.240 [info] Getting sessions for read:user,repo,user:email,workflow...
2025-04-23 18:47:49.240 [info] Got 1 sessions for read:user,repo,user:email,workflow...
2025-04-23 18:47:49.241 [info] Getting sessions for user:email...
2025-04-23 18:47:49.241 [info] Got 1 sessions for user:email...
2025-04-23 18:47:49.241 [info] Getting sessions for read:user...
2025-04-23 18:47:49.241 [info] Got 0 sessions for read:user...
2025-04-23 18:47:49.242 [info] Getting sessions for user:email...
2025-04-23 18:47:49.242 [info] Got 1 sessions for user:email...
2025-04-23 18:47:49.529 [info] Getting sessions for all scopes...
2025-04-23 18:47:49.529 [info] Got 2 sessions for ...
2025-04-23 19:02:49.244 [info] Getting sessions for all scopes...
2025-04-23 19:02:49.244 [info] Got 2 sessions for ...
2025-04-23 19:02:49.245 [info] Getting sessions for read:user,repo,user:email,workflow...
2025-04-23 19:02:49.245 [info] Got 1 sessions for read:user,repo,user:email,workflow...
2025-04-23 19:02:49.246 [info] Getting sessions for user:email...
2025-04-23 19:02:49.246 [info] Got 1 sessions for user:email...
2025-04-23 19:02:49.246 [info] Getting sessions for read:user...
2025-04-23 19:02:49.246 [info] Got 0 sessions for read:user...
2025-04-23 19:02:49.247 [info] Getting sessions for user:email...
2025-04-23 19:02:49.247 [info] Got 1 sessions for user:email...
2025-04-23 19:02:49.248 [info] Getting sessions for all scopes...
2025-04-23 19:02:49.248 [info] Got 2 sessions for ...
2025-04-23 19:02:49.249 [info] Getting sessions for read:user,repo,user:email,workflow...
2025-04-23 19:02:49.249 [info] Got 1 sessions for read:user,repo,user:email,workflow...
2025-04-23 19:02:49.249 [info] Getting sessions for user:email...
2025-04-23 19:02:49.249 [info] Got 1 sessions for user:email...
2025-04-23 19:02:49.250 [info] Getting sessions for read:user...
2025-04-23 19:02:49.250 [info] Got 0 sessions for read:user...
2025-04-23 19:02:49.250 [info] Getting sessions for user:email...
2025-04-23 19:02:49.250 [info] Got 1 sessions for user:email...
2025-04-23 19:17:49.252 [info] Getting sessions for all scopes...
2025-04-23 19:17:49.252 [info] Got 2 sessions for ...
2025-04-23 19:17:49.254 [info] Getting sessions for read:user,repo,user:email,workflow...
2025-04-23 19:17:49.255 [info] Got 1 sessions for read:user,repo,user:email,workflow...
2025-04-23 19:17:49.256 [info] Getting sessions for user:email...
2025-04-23 19:17:49.256 [info] Got 1 sessions for user:email...
2025-04-23 19:17:49.257 [info] Getting sessions for read:user...
2025-04-23 19:17:49.258 [info] Got 0 sessions for read:user...
2025-04-23 19:17:49.259 [info] Getting sessions for user:email...
2025-04-23 19:17:49.259 [info] Got 1 sessions for user:email...
2025-04-23 19:17:49.260 [info] Getting sessions for all scopes...
2025-04-23 19:17:49.260 [info] Got 2 sessions for ...
2025-04-23 19:17:49.261 [info] Getting sessions for read:user,repo,user:email,workflow...
2025-04-23 19:17:49.261 [info] Got 1 sessions for read:user,repo,user:email,workflow...
2025-04-23 19:17:49.262 [info] Getting sessions for user:email...
2025-04-23 19:17:49.262 [info] Got 1 sessions for user:email...
2025-04-23 19:17:49.263 [info] Getting sessions for read:user...
2025-04-23 19:17:49.263 [info] Got 0 sessions for read:user...
2025-04-23 19:17:49.264 [info] Getting sessions for user:email...
2025-04-23 19:17:49.264 [info] Got 1 sessions for user:email...
