2025-04-24 00:05:07.644 [info] Reading sessions from keychain...
2025-04-24 00:05:07.645 [info] Getting sessions for all scopes...
2025-04-24 00:05:07.645 [info] Getting sessions for all scopes...
2025-04-24 00:05:07.645 [info] Got stored sessions!
2025-04-24 00:05:07.645 [info] Got 2 verified sessions.
2025-04-24 00:05:07.645 [info] Got 2 sessions for ...
2025-04-24 00:05:07.645 [info] Got 2 sessions for ...
2025-04-24 00:05:07.645 [info] Getting sessions for all scopes...
2025-04-24 00:05:07.645 [info] Got 2 sessions for ...
2025-04-24 00:05:07.645 [info] Getting sessions for all scopes...
2025-04-24 00:05:07.645 [info] Got 2 sessions for ...
2025-04-24 00:05:07.645 [info] Getting sessions for read:user,repo,user:email,workflow...
2025-04-24 00:05:07.645 [info] Got 1 sessions for read:user,repo,user:email,workflow...
2025-04-24 00:05:07.645 [info] Getting sessions for read:user,repo,user:email,workflow...
2025-04-24 00:05:07.645 [info] Got 1 sessions for read:user,repo,user:email,workflow...
2025-04-24 00:05:07.818 [info] Getting sessions for read:user,repo,user:email,workflow...
2025-04-24 00:05:07.818 [info] Got 1 sessions for read:user,repo,user:email,workflow...
2025-04-24 00:05:07.946 [info] Getting sessions for user:email...
2025-04-24 00:05:07.946 [info] Got 1 sessions for user:email...
2025-04-24 00:05:07.946 [info] Getting sessions for read:user,repo,user:email,workflow...
2025-04-24 00:05:07.946 [info] Got 1 sessions for read:user,repo,user:email,workflow...
2025-04-24 00:05:08.172 [info] Getting sessions for read:user...
2025-04-24 00:05:08.172 [info] Got 0 sessions for read:user...
2025-04-24 00:05:08.337 [info] Getting sessions for user:email...
2025-04-24 00:05:08.337 [info] Got 1 sessions for user:email...
2025-04-24 00:05:08.400 [info] Getting sessions for all scopes...
2025-04-24 00:05:08.400 [info] Got 2 sessions for ...
2025-04-24 00:05:08.400 [info] Getting sessions for all scopes...
2025-04-24 00:05:08.400 [info] Got 2 sessions for ...
2025-04-24 00:05:08.402 [info] Getting sessions for read:user,repo,user:email,workflow...
2025-04-24 00:05:08.402 [info] Got 1 sessions for read:user,repo,user:email,workflow...
2025-04-24 00:05:08.405 [info] Getting sessions for user:email...
2025-04-24 00:05:08.405 [info] Got 1 sessions for user:email...
2025-04-24 00:05:08.408 [info] Getting sessions for read:user...
2025-04-24 00:05:08.408 [info] Got 0 sessions for read:user...
2025-04-24 00:05:08.409 [info] Getting sessions for all scopes...
2025-04-24 00:05:08.409 [info] Got 2 sessions for ...
2025-04-24 00:05:08.409 [info] Getting sessions for user:email...
2025-04-24 00:05:08.409 [info] Got 1 sessions for user:email...
2025-04-24 00:05:08.412 [info] Getting sessions for read:user,repo,user:email,workflow...
2025-04-24 00:05:08.412 [info] Got 1 sessions for read:user,repo,user:email,workflow...
2025-04-24 00:05:08.414 [info] Getting sessions for all scopes...
2025-04-24 00:05:08.414 [info] Got 2 sessions for ...
2025-04-24 00:05:08.414 [info] Getting sessions for read:user,repo,user:email,workflow...
2025-04-24 00:05:08.414 [info] Got 1 sessions for read:user,repo,user:email,workflow...
2025-04-24 00:05:08.414 [info] Getting sessions for user:email...
2025-04-24 00:05:08.414 [info] Got 1 sessions for user:email...
2025-04-24 00:05:08.415 [info] Getting sessions for all scopes...
2025-04-24 00:05:08.415 [info] Got 2 sessions for ...
2025-04-24 00:05:08.415 [info] Getting sessions for read:user...
2025-04-24 00:05:08.415 [info] Got 0 sessions for read:user...
2025-04-24 00:05:08.415 [info] Getting sessions for read:user,repo,user:email,workflow...
2025-04-24 00:05:08.415 [info] Got 1 sessions for read:user,repo,user:email,workflow...
2025-04-24 00:05:08.415 [info] Getting sessions for user:email...
2025-04-24 00:05:08.415 [info] Got 1 sessions for user:email...
2025-04-24 00:05:08.416 [info] Getting sessions for read:user...
2025-04-24 00:05:08.416 [info] Got 0 sessions for read:user...
2025-04-24 00:05:08.417 [info] Getting sessions for user:email...
2025-04-24 00:05:08.417 [info] Got 1 sessions for user:email...
2025-04-24 00:05:08.418 [info] Getting sessions for all scopes...
2025-04-24 00:05:08.418 [info] Got 2 sessions for ...
2025-04-24 00:05:08.418 [info] Getting sessions for read:user,repo,user:email,workflow...
2025-04-24 00:05:08.418 [info] Got 1 sessions for read:user,repo,user:email,workflow...
2025-04-24 00:05:08.419 [info] Getting sessions for user:email...
2025-04-24 00:05:08.419 [info] Got 1 sessions for user:email...
2025-04-24 00:05:08.419 [info] Getting sessions for read:user...
2025-04-24 00:05:08.419 [info] Got 0 sessions for read:user...
2025-04-24 00:05:08.420 [info] Getting sessions for user:email...
2025-04-24 00:05:08.420 [info] Got 1 sessions for user:email...
2025-04-24 00:05:08.490 [info] Getting sessions for read:user,repo,user:email,workflow...
2025-04-24 00:05:08.490 [info] Got 1 sessions for read:user,repo,user:email,workflow...
2025-04-24 00:10:50.740 [info] Getting sessions for read:user,repo,user:email,workflow...
2025-04-24 00:10:50.740 [info] Got 1 sessions for read:user,repo,user:email,workflow...
