2025-04-23 19:30:39.336 [info] [main] Log level: Info
2025-04-23 19:30:39.336 [info] [main] Validating found git in: "git"
2025-04-23 19:30:39.336 [info] [main] Using git "2.49.0" from "git"
2025-04-23 19:30:39.336 [info] [Model][doInitialScan] Initial repository scan started
2025-04-23 19:30:39.336 [info] [Model][doInitialScan] Initial repository scan completed - repositories (0), closed repositories (0), parent repositories (0), unsafe repositories (0)
2025-04-23 19:31:06.869 [info] [main] Log level: Info
2025-04-23 19:31:06.870 [info] [main] Validating found git in: "git"
2025-04-23 19:31:06.870 [info] [main] Using git "2.49.0" from "git"
2025-04-23 19:31:06.870 [info] [Model][doInitialScan] Initial repository scan started
2025-04-23 19:31:06.870 [info] > git rev-parse --show-toplevel [323ms]
2025-04-23 19:31:06.947 [info] > git rev-parse --git-dir --git-common-dir [61ms]
2025-04-23 19:31:06.977 [info] [Model][openRepository] Opened repository: /home/egirlcatnip/Repos/dotfiles
2025-04-23 19:31:07.018 [info] > git config --get commit.template [13ms]
2025-04-23 19:31:07.058 [info] > git rev-parse --show-toplevel [20ms]
2025-04-23 19:31:07.098 [info] > git for-each-ref --format=%(refname)%00%(upstream:short)%00%(objectname)%00%(upstream:track)%00%(upstream:remotename)%00%(upstream:remoteref) refs/heads/main refs/remotes/main [41ms]
2025-04-23 19:31:07.113 [info] > git rev-parse --show-toplevel [15ms]
2025-04-23 19:31:07.136 [info] > git rev-parse --show-toplevel [3ms]
2025-04-23 19:31:07.191 [info] > git status -z -uall [37ms]
2025-04-23 19:31:07.192 [info] > git rev-parse --show-toplevel [3ms]
2025-04-23 19:31:07.192 [info] > git for-each-ref --sort -committerdate --format %(refname)%00%(objectname)%00%(*objectname) [21ms]
2025-04-23 19:31:07.287 [info] > git for-each-ref --format=%(refname)%00%(upstream:short)%00%(objectname)%00%(upstream:track)%00%(upstream:remotename)%00%(upstream:remoteref) refs/heads/main refs/remotes/main [68ms]
2025-04-23 19:31:07.307 [info] > git config --get --local branch.main.vscode-merge-base [2ms]
2025-04-23 19:31:07.324 [info] > git config --get commit.template [39ms]
2025-04-23 19:31:07.324 [info] > git rev-parse --show-toplevel [56ms]
2025-04-23 19:31:07.325 [info] [Model][doInitialScan] Initial repository scan completed - repositories (1), closed repositories (0), parent repositories (0), unsafe repositories (0)
2025-04-23 19:31:07.329 [info] > git for-each-ref --format=%(refname)%00%(upstream:short)%00%(objectname)%00%(upstream:track)%00%(upstream:remotename)%00%(upstream:remoteref) refs/heads/origin/main refs/remotes/origin/main [6ms]
2025-04-23 19:31:07.462 [info] > git merge-base refs/heads/main refs/remotes/origin/main [116ms]
2025-04-23 19:31:07.515 [info] > git show --textconv :setup.sh [19ms]
2025-04-23 19:31:07.521 [info] > git diff --name-status -z --diff-filter=ADMR daba2e42047b07c0aee2377094f67d424f88f875...refs/remotes/origin/main [44ms]
2025-04-23 19:31:07.521 [info] > git for-each-ref --format=%(refname)%00%(upstream:short)%00%(objectname)%00%(upstream:track)%00%(upstream:remotename)%00%(upstream:remoteref) refs/heads/main refs/remotes/main [158ms]
2025-04-23 19:31:07.551 [info] > git check-ignore -v -z --stdin [13ms]
2025-04-23 19:31:07.556 [info] > git ls-files --stage -- setup.sh [42ms]
2025-04-23 19:31:07.575 [info] > git cat-file -s 1cdced480c0b9ce9a207c9aad2406e60c04a2b4e [3ms]
2025-04-23 19:31:07.576 [info] > git fetch [599ms]
2025-04-23 19:31:07.643 [info] > git config --get commit.template [49ms]
2025-04-23 19:31:07.663 [info] > git config --get commit.template [21ms]
2025-04-23 19:31:07.664 [info] > git for-each-ref --format=%(refname)%00%(upstream:short)%00%(objectname)%00%(upstream:track)%00%(upstream:remotename)%00%(upstream:remoteref) refs/heads/main refs/remotes/main [2ms]
2025-04-23 19:31:07.684 [info] > git for-each-ref --format=%(refname)%00%(upstream:short)%00%(objectname)%00%(upstream:track)%00%(upstream:remotename)%00%(upstream:remoteref) refs/heads/main refs/remotes/main [2ms]
2025-04-23 19:31:07.753 [info] > git status -z -uall [18ms]
2025-04-23 19:31:07.754 [info] > git blame --root --incremental daba2e42047b07c0aee2377094f67d424f88f875 -- setup.sh [46ms]
2025-04-23 19:31:07.757 [info] > git for-each-ref --sort -committerdate --format %(refname)%00%(objectname)%00%(*objectname) [4ms]
2025-04-23 19:31:08.902 [info] > git ls-files --stage -- setup.sh [2ms]
2025-04-23 19:31:08.920 [info] > git cat-file -s 1cdced480c0b9ce9a207c9aad2406e60c04a2b4e [1ms]
2025-04-23 19:31:08.941 [info] > git show --textconv :setup.sh [1ms]
2025-04-23 19:31:24.508 [info] > git config --get commit.template [28ms]
2025-04-23 19:31:24.508 [info] > git for-each-ref --format=%(refname)%00%(upstream:short)%00%(objectname)%00%(upstream:track)%00%(upstream:remotename)%00%(upstream:remoteref) refs/heads/main refs/remotes/main [2ms]
2025-04-23 19:31:24.570 [info] > git status -z -uall [33ms]
2025-04-23 19:31:24.571 [info] > git for-each-ref --sort -committerdate --format %(refname)%00%(objectname)%00%(*objectname) [3ms]
2025-04-23 19:31:29.640 [info] > git config --get commit.template [28ms]
2025-04-23 19:31:29.641 [info] > git for-each-ref --format=%(refname)%00%(upstream:short)%00%(objectname)%00%(upstream:track)%00%(upstream:remotename)%00%(upstream:remoteref) refs/heads/main refs/remotes/main [3ms]
2025-04-23 19:31:29.711 [info] > git status -z -uall [38ms]
2025-04-23 19:31:29.713 [info] > git for-each-ref --sort -committerdate --format %(refname)%00%(objectname)%00%(*objectname) [3ms]
2025-04-23 19:31:34.777 [info] > git config --get commit.template [30ms]
2025-04-23 19:31:34.779 [info] > git for-each-ref --format=%(refname)%00%(upstream:short)%00%(objectname)%00%(upstream:track)%00%(upstream:remotename)%00%(upstream:remoteref) refs/heads/main refs/remotes/main [2ms]
2025-04-23 19:31:34.836 [info] > git for-each-ref --sort -committerdate --format %(refname)%00%(objectname)%00%(*objectname) [2ms]
2025-04-23 19:31:34.839 [info] > git status -z -uall [35ms]
2025-04-23 19:32:20.463 [info] > git config --get commit.template [44ms]
2025-04-23 19:32:20.465 [info] > git for-each-ref --format=%(refname)%00%(upstream:short)%00%(objectname)%00%(upstream:track)%00%(upstream:remotename)%00%(upstream:remoteref) refs/heads/main refs/remotes/main [3ms]
2025-04-23 19:32:20.529 [info] > git status -z -uall [33ms]
2025-04-23 19:32:20.530 [info] > git for-each-ref --sort -committerdate --format %(refname)%00%(objectname)%00%(*objectname) [4ms]
2025-04-23 19:32:33.094 [info] > git config --get commit.template [37ms]
2025-04-23 19:32:33.095 [info] > git for-each-ref --format=%(refname)%00%(upstream:short)%00%(objectname)%00%(upstream:track)%00%(upstream:remotename)%00%(upstream:remoteref) refs/heads/main refs/remotes/main [3ms]
2025-04-23 19:32:33.166 [info] > git status -z -uall [34ms]
2025-04-23 19:32:33.169 [info] > git for-each-ref --sort -committerdate --format %(refname)%00%(objectname)%00%(*objectname) [4ms]
2025-04-23 19:32:35.801 [info] > git log --format=%H%n%aN%n%aE%n%at%n%ct%n%P%n%D%n%B -z --shortstat --diff-merges=first-parent -n50 --skip=0 --topo-order --decorate=full --stdin [2037ms]
2025-04-23 19:32:38.235 [info] > git config --get commit.template [29ms]
2025-04-23 19:32:38.237 [info] > git for-each-ref --format=%(refname)%00%(upstream:short)%00%(objectname)%00%(upstream:track)%00%(upstream:remotename)%00%(upstream:remoteref) refs/heads/main refs/remotes/main [3ms]
2025-04-23 19:32:38.297 [info] > git status -z -uall [30ms]
2025-04-23 19:32:38.299 [info] > git for-each-ref --sort -committerdate --format %(refname)%00%(objectname)%00%(*objectname) [3ms]
2025-04-23 19:33:22.979 [info] > git config --get commit.template [3ms]
2025-04-23 19:33:23.024 [info] > git for-each-ref --format=%(refname)%00%(upstream:short)%00%(objectname)%00%(upstream:track)%00%(upstream:remotename)%00%(upstream:remoteref) refs/heads/main refs/remotes/main [3ms]
2025-04-23 19:33:23.108 [info] > git status -z -uall [43ms]
2025-04-23 19:33:23.110 [info] > git for-each-ref --sort -committerdate --format %(refname)%00%(objectname)%00%(*objectname) [4ms]
2025-04-23 19:33:31.875 [info] > git config --get commit.template [39ms]
2025-04-23 19:33:31.876 [info] > git for-each-ref --format=%(refname)%00%(upstream:short)%00%(objectname)%00%(upstream:track)%00%(upstream:remotename)%00%(upstream:remoteref) refs/heads/main refs/remotes/main [3ms]
2025-04-23 19:33:31.957 [info] > git status -z -uall [42ms]
2025-04-23 19:33:31.958 [info] > git for-each-ref --sort -committerdate --format %(refname)%00%(objectname)%00%(*objectname) [4ms]
2025-04-23 19:33:37.046 [info] > git config --get commit.template [43ms]
2025-04-23 19:33:37.047 [info] > git for-each-ref --format=%(refname)%00%(upstream:short)%00%(objectname)%00%(upstream:track)%00%(upstream:remotename)%00%(upstream:remoteref) refs/heads/main refs/remotes/main [3ms]
2025-04-23 19:33:37.130 [info] > git status -z -uall [43ms]
2025-04-23 19:33:37.131 [info] > git for-each-ref --sort -committerdate --format %(refname)%00%(objectname)%00%(*objectname) [3ms]
2025-04-23 19:33:41.669 [info] > git add -A -- . [41ms]
2025-04-23 19:33:41.730 [info] > git -c user.useConfigOnly=true commit --quiet --allow-empty-message --file - [22ms]
2025-04-23 19:33:41.772 [info] > git config --get commit.template [2ms]
2025-04-23 19:33:41.816 [info] > git config --get commit.template [3ms]
2025-04-23 19:33:41.861 [info] > git for-each-ref --format=%(refname)%00%(upstream:short)%00%(objectname)%00%(upstream:track)%00%(upstream:remotename)%00%(upstream:remoteref) refs/heads/main refs/remotes/main [4ms]
2025-04-23 19:33:41.947 [info] > git status -z -uall [46ms]
2025-04-23 19:33:41.950 [info] > git for-each-ref --sort -committerdate --format %(refname)%00%(objectname)%00%(*objectname) [4ms]
2025-04-23 19:33:42.045 [info] > git merge-base refs/heads/main refs/remotes/origin/main [4ms]
2025-04-23 19:33:42.082 [info] > git blame --root --incremental ba8712b7d4d7c5bba80e16740046aa6ab0f8b137 -- setup.sh [85ms]
2025-04-23 19:33:42.128 [info] > git diff --name-status -z --diff-filter=ADMR daba2e42047b07c0aee2377094f67d424f88f875...refs/remotes/origin/main [46ms]
2025-04-23 19:33:42.172 [info] > git config --get commit.template [2ms]
2025-04-23 19:33:42.214 [info] > git for-each-ref --format=%(refname)%00%(upstream:short)%00%(objectname)%00%(upstream:track)%00%(upstream:remotename)%00%(upstream:remoteref) refs/heads/main refs/remotes/main [3ms]
2025-04-23 19:33:42.294 [info] > git status -z -uall [41ms]
2025-04-23 19:33:42.296 [info] > git for-each-ref --sort -committerdate --format %(refname)%00%(objectname)%00%(*objectname) [4ms]
2025-04-23 19:33:42.946 [info] > git log --oneline --cherry main...main@{upstream} -- [3ms]
2025-04-23 19:33:43.016 [info] > git ls-files --stage -- setup.sh [3ms]
2025-04-23 19:33:43.046 [info] > git cat-file -s 566e9a8f5a009ea0bbf5e0204be4b86998f2b2db [2ms]
2025-04-23 19:33:43.081 [info] > git show --textconv :setup.sh [4ms]
2025-04-23 19:33:43.508 [info] > git log --format=%H%n%aN%n%aE%n%at%n%ct%n%P%n%D%n%B -z --shortstat --diff-merges=first-parent -n50 --skip=0 --topo-order --decorate=full --stdin [1382ms]
2025-04-23 19:33:48.384 [info] > git ls-files --stage -- setup.sh [4ms]
2025-04-23 19:33:48.417 [info] > git cat-file -s 566e9a8f5a009ea0bbf5e0204be4b86998f2b2db [2ms]
2025-04-23 19:33:48.454 [info] > git show --textconv :setup.sh [4ms]
2025-04-23 19:33:48.568 [info] > git pull --tags origin main [5591ms]
2025-04-23 19:33:48.568 [info] From https://github.com/egirlcatnip/dotfiles
 * branch            main       -> FETCH_HEAD
2025-04-23 19:33:49.768 [info] > git ls-files --stage -- setup.sh [3ms]
2025-04-23 19:33:49.800 [info] > git cat-file -s 566e9a8f5a009ea0bbf5e0204be4b86998f2b2db [2ms]
2025-04-23 19:33:49.836 [info] > git show --textconv :setup.sh [4ms]
2025-04-23 19:33:50.514 [info] > git push origin main:main [1914ms]
2025-04-23 19:33:50.514 [info] To https://github.com/egirlcatnip/dotfiles.git
   daba2e4..ba8712b  main -> main
2025-04-23 19:33:50.574 [info] > git config --get commit.template [30ms]
2025-04-23 19:33:50.576 [info] > git for-each-ref --format=%(refname)%00%(upstream:short)%00%(objectname)%00%(upstream:track)%00%(upstream:remotename)%00%(upstream:remoteref) refs/heads/main refs/remotes/main [3ms]
2025-04-23 19:33:50.638 [info] > git status -z -uall [32ms]
2025-04-23 19:33:50.639 [info] > git for-each-ref --sort -committerdate --format %(refname)%00%(objectname)%00%(*objectname) [3ms]
2025-04-23 19:33:50.710 [info] > git merge-base refs/heads/main refs/remotes/origin/main [35ms]
2025-04-23 19:33:50.742 [info] > git diff --name-status -z --diff-filter=ADMR ba8712b7d4d7c5bba80e16740046aa6ab0f8b137...refs/remotes/origin/main [2ms]
2025-04-23 19:33:51.759 [info] > git ls-files --stage -- setup.sh [2ms]
2025-04-23 19:33:51.778 [info] > git cat-file -s 566e9a8f5a009ea0bbf5e0204be4b86998f2b2db [1ms]
2025-04-23 19:33:51.799 [info] > git show --textconv :setup.sh [1ms]
2025-04-23 19:33:51.952 [info] > git log --format=%H%n%aN%n%aE%n%at%n%ct%n%P%n%D%n%B -z --shortstat --diff-merges=first-parent -n50 --skip=0 --topo-order --decorate=full --stdin [1244ms]
2025-04-23 19:34:08.351 [info] > git fetch [627ms]
2025-04-23 19:34:08.440 [info] > git config --get commit.template [45ms]
2025-04-23 19:34:08.442 [info] > git for-each-ref --format=%(refname)%00%(upstream:short)%00%(objectname)%00%(upstream:track)%00%(upstream:remotename)%00%(upstream:remoteref) refs/heads/main refs/remotes/main [4ms]
2025-04-23 19:34:08.529 [info] > git status -z -uall [44ms]
2025-04-23 19:34:08.532 [info] > git for-each-ref --sort -committerdate --format %(refname)%00%(objectname)%00%(*objectname) [4ms]
2025-04-23 19:34:24.663 [info] > git ls-files --stage -- setup.sh [4ms]
2025-04-23 19:34:24.706 [info] > git cat-file -s 566e9a8f5a009ea0bbf5e0204be4b86998f2b2db [3ms]
2025-04-23 19:34:24.755 [info] > git show --textconv :setup.sh [4ms]
2025-04-23 19:34:53.819 [info] > git config --get commit.template [2ms]
2025-04-23 19:34:53.860 [info] > git for-each-ref --format=%(refname)%00%(upstream:short)%00%(objectname)%00%(upstream:track)%00%(upstream:remotename)%00%(upstream:remoteref) refs/heads/main refs/remotes/main [2ms]
2025-04-23 19:34:53.942 [info] > git status -z -uall [41ms]
2025-04-23 19:34:53.944 [info] > git for-each-ref --sort -committerdate --format %(refname)%00%(objectname)%00%(*objectname) [2ms]
2025-04-23 19:35:59.445 [info] > git config --get commit.template [32ms]
2025-04-23 19:35:59.447 [info] > git for-each-ref --format=%(refname)%00%(upstream:short)%00%(objectname)%00%(upstream:track)%00%(upstream:remotename)%00%(upstream:remoteref) refs/heads/main refs/remotes/main [3ms]
2025-04-23 19:35:59.512 [info] > git status -z -uall [34ms]
2025-04-23 19:35:59.513 [info] > git for-each-ref --sort -committerdate --format %(refname)%00%(objectname)%00%(*objectname) [3ms]
2025-04-23 19:36:28.518 [info] > git config --get commit.template [44ms]
2025-04-23 19:36:28.519 [info] > git for-each-ref --format=%(refname)%00%(upstream:short)%00%(objectname)%00%(upstream:track)%00%(upstream:remotename)%00%(upstream:remoteref) refs/heads/main refs/remotes/main [2ms]
2025-04-23 19:36:28.605 [info] > git status -z -uall [44ms]
2025-04-23 19:36:28.606 [info] > git for-each-ref --sort -committerdate --format %(refname)%00%(objectname)%00%(*objectname) [4ms]
2025-04-23 19:36:42.330 [info] > git config --get commit.template [37ms]
2025-04-23 19:36:42.332 [info] > git for-each-ref --format=%(refname)%00%(upstream:short)%00%(objectname)%00%(upstream:track)%00%(upstream:remotename)%00%(upstream:remoteref) refs/heads/main refs/remotes/main [3ms]
2025-04-23 19:36:42.412 [info] > git status -z -uall [42ms]
2025-04-23 19:36:42.413 [info] > git for-each-ref --sort -committerdate --format %(refname)%00%(objectname)%00%(*objectname) [3ms]
2025-04-23 19:37:09.787 [info] > git ls-files --stage -- setup.sh [3ms]
2025-04-23 19:37:09.816 [info] > git cat-file -s 566e9a8f5a009ea0bbf5e0204be4b86998f2b2db [2ms]
2025-04-23 19:37:09.849 [info] > git show --textconv :setup.sh [4ms]
2025-04-23 19:37:15.416 [info] > git fetch [6846ms]
2025-04-23 19:37:15.505 [info] > git config --get commit.template [46ms]
2025-04-23 19:37:15.506 [info] > git for-each-ref --format=%(refname)%00%(upstream:short)%00%(objectname)%00%(upstream:track)%00%(upstream:remotename)%00%(upstream:remoteref) refs/heads/main refs/remotes/main [3ms]
2025-04-23 19:37:15.590 [info] > git status -z -uall [44ms]
2025-04-23 19:37:15.592 [info] > git for-each-ref --sort -committerdate --format %(refname)%00%(objectname)%00%(*objectname) [3ms]
2025-04-23 19:37:16.639 [info] > git ls-files --stage -- setup.sh [3ms]
2025-04-23 19:37:16.672 [info] > git cat-file -s 566e9a8f5a009ea0bbf5e0204be4b86998f2b2db [2ms]
2025-04-23 19:37:16.706 [info] > git show --textconv :setup.sh [3ms]
2025-04-23 19:40:55.475 [info] > git fetch [1003ms]
2025-04-23 19:40:55.518 [info] > git config --get commit.template [3ms]
2025-04-23 19:40:55.563 [info] > git for-each-ref --format=%(refname)%00%(upstream:short)%00%(objectname)%00%(upstream:track)%00%(upstream:remotename)%00%(upstream:remoteref) refs/heads/main refs/remotes/main [3ms]
2025-04-23 19:40:55.643 [info] > git status -z -uall [40ms]
2025-04-23 19:40:55.644 [info] > git for-each-ref --sort -committerdate --format %(refname)%00%(objectname)%00%(*objectname) [2ms]
2025-04-23 19:40:56.696 [info] > git ls-files --stage -- setup.sh [3ms]
2025-04-23 19:40:56.729 [info] > git cat-file -s 566e9a8f5a009ea0bbf5e0204be4b86998f2b2db [2ms]
2025-04-23 19:40:56.763 [info] > git show --textconv :setup.sh [3ms]
2025-04-23 19:41:06.075 [info] > git config --get commit.template [39ms]
2025-04-23 19:41:06.076 [info] > git for-each-ref --format=%(refname)%00%(upstream:short)%00%(objectname)%00%(upstream:track)%00%(upstream:remotename)%00%(upstream:remoteref) refs/heads/main refs/remotes/main [2ms]
2025-04-23 19:41:06.155 [info] > git status -z -uall [39ms]
2025-04-23 19:41:06.156 [info] > git for-each-ref --sort -committerdate --format %(refname)%00%(objectname)%00%(*objectname) [2ms]
2025-04-23 19:41:18.120 [info] > git config --get commit.template [40ms]
2025-04-23 19:41:18.122 [info] > git for-each-ref --format=%(refname)%00%(upstream:short)%00%(objectname)%00%(upstream:track)%00%(upstream:remotename)%00%(upstream:remoteref) refs/heads/main refs/remotes/main [2ms]
2025-04-23 19:41:18.202 [info] > git status -z -uall [42ms]
2025-04-23 19:41:18.203 [info] > git for-each-ref --sort -committerdate --format %(refname)%00%(objectname)%00%(*objectname) [3ms]
2025-04-23 19:41:26.024 [info] > git add -A -- . [41ms]
2025-04-23 19:41:26.085 [info] > git -c user.useConfigOnly=true commit --quiet --allow-empty-message --file - [20ms]
2025-04-23 19:41:26.127 [info] > git config --get commit.template [3ms]
2025-04-23 19:41:26.175 [info] > git config --get commit.template [5ms]
2025-04-23 19:41:26.214 [info] > git for-each-ref --format=%(refname)%00%(upstream:short)%00%(objectname)%00%(upstream:track)%00%(upstream:remotename)%00%(upstream:remoteref) refs/heads/main refs/remotes/main [3ms]
2025-04-23 19:41:26.294 [info] > git status -z -uall [40ms]
2025-04-23 19:41:26.296 [info] > git for-each-ref --sort -committerdate --format %(refname)%00%(objectname)%00%(*objectname) [3ms]
2025-04-23 19:41:26.393 [info] > git merge-base refs/heads/main refs/remotes/origin/main [7ms]
2025-04-23 19:41:26.436 [info] > git blame --root --incremental d003fed6d53b726c78cb978d57b81a5a2b84d399 -- setup.sh [94ms]
2025-04-23 19:41:26.441 [info] > git diff --name-status -z --diff-filter=ADMR ba8712b7d4d7c5bba80e16740046aa6ab0f8b137...refs/remotes/origin/main [5ms]
2025-04-23 19:41:26.524 [info] > git config --get commit.template [39ms]
2025-04-23 19:41:26.526 [info] > git for-each-ref --format=%(refname)%00%(upstream:short)%00%(objectname)%00%(upstream:track)%00%(upstream:remotename)%00%(upstream:remoteref) refs/heads/main refs/remotes/main [3ms]
2025-04-23 19:41:26.610 [info] > git status -z -uall [44ms]
2025-04-23 19:41:26.611 [info] > git for-each-ref --sort -committerdate --format %(refname)%00%(objectname)%00%(*objectname) [3ms]
2025-04-23 19:41:27.310 [info] > git ls-files --stage -- setup.sh [4ms]
2025-04-23 19:41:27.338 [info] > git cat-file -s ac9448b70c4b13699206f002eed6553fe936a6ce [3ms]
2025-04-23 19:41:27.370 [info] > git show --textconv :setup.sh [4ms]
2025-04-23 19:41:28.864 [info] > git log --oneline --cherry main...main@{upstream} -- [4ms]
2025-04-23 19:41:29.569 [info] > git pull --tags origin main [658ms]
2025-04-23 19:41:29.569 [info] From https://github.com/egirlcatnip/dotfiles
 * branch            main       -> FETCH_HEAD
2025-04-23 19:41:30.778 [info] > git ls-files --stage -- setup.sh [4ms]
2025-04-23 19:41:30.819 [info] > git cat-file -s ac9448b70c4b13699206f002eed6553fe936a6ce [3ms]
2025-04-23 19:41:30.864 [info] > git show --textconv :setup.sh [5ms]
2025-04-23 19:41:31.835 [info] > git push origin main:main [2225ms]
2025-04-23 19:41:31.835 [info] To https://github.com/egirlcatnip/dotfiles.git
   ba8712b..d003fed  main -> main
2025-04-23 19:41:31.898 [info] > git config --get commit.template [31ms]
2025-04-23 19:41:31.899 [info] > git for-each-ref --format=%(refname)%00%(upstream:short)%00%(objectname)%00%(upstream:track)%00%(upstream:remotename)%00%(upstream:remoteref) refs/heads/main refs/remotes/main [3ms]
2025-04-23 19:41:31.965 [info] > git status -z -uall [34ms]
2025-04-23 19:41:31.966 [info] > git for-each-ref --sort -committerdate --format %(refname)%00%(objectname)%00%(*objectname) [3ms]
2025-04-23 19:41:32.005 [info] > git merge-base refs/heads/main refs/remotes/origin/main [4ms]
2025-04-23 19:41:32.036 [info] > git diff --name-status -z --diff-filter=ADMR d003fed6d53b726c78cb978d57b81a5a2b84d399...refs/remotes/origin/main [2ms]
2025-04-23 19:41:33.109 [info] > git ls-files --stage -- setup.sh [4ms]
2025-04-23 19:41:33.151 [info] > git cat-file -s ac9448b70c4b13699206f002eed6553fe936a6ce [3ms]
2025-04-23 19:41:33.198 [info] > git show --textconv :setup.sh [4ms]
2025-04-23 19:43:38.587 [info] > git config --get commit.template [40ms]
2025-04-23 19:43:38.588 [info] > git for-each-ref --format=%(refname)%00%(upstream:short)%00%(objectname)%00%(upstream:track)%00%(upstream:remotename)%00%(upstream:remoteref) refs/heads/main refs/remotes/main [3ms]
2025-04-23 19:43:38.667 [info] > git status -z -uall [40ms]
2025-04-23 19:43:38.670 [info] > git for-each-ref --sort -committerdate --format %(refname)%00%(objectname)%00%(*objectname) [4ms]
2025-04-23 19:43:47.314 [info] > git config --get commit.template [40ms]
2025-04-23 19:43:47.315 [info] > git for-each-ref --format=%(refname)%00%(upstream:short)%00%(objectname)%00%(upstream:track)%00%(upstream:remotename)%00%(upstream:remoteref) refs/heads/main refs/remotes/main [2ms]
2025-04-23 19:43:47.396 [info] > git status -z -uall [42ms]
2025-04-23 19:43:47.397 [info] > git for-each-ref --sort -committerdate --format %(refname)%00%(objectname)%00%(*objectname) [4ms]
2025-04-23 19:43:52.479 [info] > git config --get commit.template [38ms]
2025-04-23 19:43:52.481 [info] > git for-each-ref --format=%(refname)%00%(upstream:short)%00%(objectname)%00%(upstream:track)%00%(upstream:remotename)%00%(upstream:remoteref) refs/heads/main refs/remotes/main [3ms]
2025-04-23 19:43:52.563 [info] > git status -z -uall [40ms]
2025-04-23 19:43:52.565 [info] > git for-each-ref --sort -committerdate --format %(refname)%00%(objectname)%00%(*objectname) [3ms]
2025-04-23 19:43:56.495 [info] > git fetch [809ms]
2025-04-23 19:43:56.576 [info] > git config --get commit.template [41ms]
2025-04-23 19:43:56.577 [info] > git for-each-ref --format=%(refname)%00%(upstream:short)%00%(objectname)%00%(upstream:track)%00%(upstream:remotename)%00%(upstream:remoteref) refs/heads/main refs/remotes/main [2ms]
2025-04-23 19:43:56.659 [info] > git status -z -uall [45ms]
2025-04-23 19:43:56.659 [info] > git for-each-ref --sort -committerdate --format %(refname)%00%(objectname)%00%(*objectname) [5ms]
2025-04-23 19:43:57.652 [info] > git config --get commit.template [44ms]
2025-04-23 19:43:57.653 [info] > git for-each-ref --format=%(refname)%00%(upstream:short)%00%(objectname)%00%(upstream:track)%00%(upstream:remotename)%00%(upstream:remoteref) refs/heads/main refs/remotes/main [2ms]
2025-04-23 19:43:57.735 [info] > git status -z -uall [41ms]
2025-04-23 19:43:57.737 [info] > git for-each-ref --sort -committerdate --format %(refname)%00%(objectname)%00%(*objectname) [3ms]
2025-04-23 19:43:57.784 [info] > git ls-files --stage -- setup.sh [4ms]
2025-04-23 19:43:57.823 [info] > git cat-file -s ac9448b70c4b13699206f002eed6553fe936a6ce [3ms]
2025-04-23 19:43:57.869 [info] > git show --textconv :setup.sh [5ms]
2025-04-23 19:45:20.874 [info] > git config --get commit.template [40ms]
2025-04-23 19:45:20.875 [info] > git for-each-ref --format=%(refname)%00%(upstream:short)%00%(objectname)%00%(upstream:track)%00%(upstream:remotename)%00%(upstream:remoteref) refs/heads/main refs/remotes/main [2ms]
2025-04-23 19:45:20.954 [info] > git status -z -uall [40ms]
2025-04-23 19:45:20.956 [info] > git for-each-ref --sort -committerdate --format %(refname)%00%(objectname)%00%(*objectname) [3ms]
2025-04-23 19:47:35.751 [info] > git fetch [803ms]
2025-04-23 19:47:35.838 [info] > git config --get commit.template [46ms]
2025-04-23 19:47:35.839 [info] > git for-each-ref --format=%(refname)%00%(upstream:short)%00%(objectname)%00%(upstream:track)%00%(upstream:remotename)%00%(upstream:remoteref) refs/heads/main refs/remotes/main [3ms]
2025-04-23 19:47:35.915 [info] > git status -z -uall [36ms]
2025-04-23 19:47:35.916 [info] > git for-each-ref --sort -committerdate --format %(refname)%00%(objectname)%00%(*objectname) [2ms]
2025-04-23 19:47:36.986 [info] > git ls-files --stage -- setup.sh [6ms]
2025-04-23 19:47:37.031 [info] > git cat-file -s ac9448b70c4b13699206f002eed6553fe936a6ce [2ms]
2025-04-23 19:47:37.068 [info] > git show --textconv :setup.sh [4ms]
2025-04-23 19:47:58.113 [info] > git config --get commit.template [42ms]
2025-04-23 19:47:58.114 [info] > git for-each-ref --format=%(refname)%00%(upstream:short)%00%(objectname)%00%(upstream:track)%00%(upstream:remotename)%00%(upstream:remoteref) refs/heads/main refs/remotes/main [2ms]
2025-04-23 19:47:58.197 [info] > git status -z -uall [42ms]
2025-04-23 19:47:58.199 [info] > git for-each-ref --sort -committerdate --format %(refname)%00%(objectname)%00%(*objectname) [3ms]
2025-04-23 19:48:06.654 [info] > git config --get commit.template [43ms]
2025-04-23 19:48:06.655 [info] > git for-each-ref --format=%(refname)%00%(upstream:short)%00%(objectname)%00%(upstream:track)%00%(upstream:remotename)%00%(upstream:remoteref) refs/heads/main refs/remotes/main [2ms]
2025-04-23 19:48:06.744 [info] > git status -z -uall [46ms]
2025-04-23 19:48:06.746 [info] > git for-each-ref --sort -committerdate --format %(refname)%00%(objectname)%00%(*objectname) [3ms]
2025-04-23 19:48:12.170 [info] > git config --get commit.template [33ms]
2025-04-23 19:48:12.172 [info] > git for-each-ref --format=%(refname)%00%(upstream:short)%00%(objectname)%00%(upstream:track)%00%(upstream:remotename)%00%(upstream:remoteref) refs/heads/main refs/remotes/main [3ms]
2025-04-23 19:48:12.235 [info] > git status -z -uall [31ms]
2025-04-23 19:48:12.237 [info] > git for-each-ref --sort -committerdate --format %(refname)%00%(objectname)%00%(*objectname) [3ms]
2025-04-23 19:48:14.473 [info] > git add -A -- . [41ms]
2025-04-23 19:48:14.535 [info] > git -c user.useConfigOnly=true commit --quiet --allow-empty-message --file - [23ms]
2025-04-23 19:48:14.574 [info] > git config --get commit.template [2ms]
2025-04-23 19:48:14.619 [info] > git config --get commit.template [3ms]
2025-04-23 19:48:14.661 [info] > git for-each-ref --format=%(refname)%00%(upstream:short)%00%(objectname)%00%(upstream:track)%00%(upstream:remotename)%00%(upstream:remoteref) refs/heads/main refs/remotes/main [4ms]
2025-04-23 19:48:14.745 [info] > git status -z -uall [43ms]
2025-04-23 19:48:14.748 [info] > git for-each-ref --sort -committerdate --format %(refname)%00%(objectname)%00%(*objectname) [4ms]
2025-04-23 19:48:14.842 [info] > git merge-base refs/heads/main refs/remotes/origin/main [5ms]
2025-04-23 19:48:14.884 [info] > git blame --root --incremental 862c35dc50d1aa8d441d5a5143e15f55ebd90ba4 -- setup.sh [92ms]
2025-04-23 19:48:14.888 [info] > git diff --name-status -z --diff-filter=ADMR d003fed6d53b726c78cb978d57b81a5a2b84d399...refs/remotes/origin/main [5ms]
2025-04-23 19:48:14.973 [info] > git config --get commit.template [41ms]
2025-04-23 19:48:14.974 [info] > git for-each-ref --format=%(refname)%00%(upstream:short)%00%(objectname)%00%(upstream:track)%00%(upstream:remotename)%00%(upstream:remoteref) refs/heads/main refs/remotes/main [3ms]
2025-04-23 19:48:15.058 [info] > git status -z -uall [43ms]
2025-04-23 19:48:15.059 [info] > git for-each-ref --sort -committerdate --format %(refname)%00%(objectname)%00%(*objectname) [3ms]
2025-04-23 19:48:15.395 [info] > git log --oneline --cherry main...main@{upstream} -- [4ms]
2025-04-23 19:48:16.141 [info] > git pull --tags origin main [704ms]
2025-04-23 19:48:16.141 [info] From https://github.com/egirlcatnip/dotfiles
 * branch            main       -> FETCH_HEAD
2025-04-23 19:48:17.340 [info] > git ls-files --stage -- setup.sh [3ms]
2025-04-23 19:48:17.375 [info] > git cat-file -s 068f6ea1ddbc5c043146df434bd735e35cce8618 [2ms]
2025-04-23 19:48:17.412 [info] > git show --textconv :setup.sh [4ms]
2025-04-23 19:48:18.255 [info] > git push origin main:main [2082ms]
2025-04-23 19:48:18.255 [info] To https://github.com/egirlcatnip/dotfiles.git
   d003fed..862c35d  main -> main
2025-04-23 19:48:18.315 [info] > git config --get commit.template [30ms]
2025-04-23 19:48:18.317 [info] > git for-each-ref --format=%(refname)%00%(upstream:short)%00%(objectname)%00%(upstream:track)%00%(upstream:remotename)%00%(upstream:remoteref) refs/heads/main refs/remotes/main [2ms]
2025-04-23 19:48:18.383 [info] > git status -z -uall [34ms]
2025-04-23 19:48:18.384 [info] > git for-each-ref --sort -committerdate --format %(refname)%00%(objectname)%00%(*objectname) [3ms]
2025-04-23 19:48:18.425 [info] > git merge-base refs/heads/main refs/remotes/origin/main [3ms]
2025-04-23 19:48:18.459 [info] > git diff --name-status -z --diff-filter=ADMR 862c35dc50d1aa8d441d5a5143e15f55ebd90ba4...refs/remotes/origin/main [3ms]
2025-04-23 19:48:19.523 [info] > git ls-files --stage -- setup.sh [3ms]
2025-04-23 19:48:19.558 [info] > git cat-file -s 068f6ea1ddbc5c043146df434bd735e35cce8618 [3ms]
2025-04-23 19:48:19.595 [info] > git show --textconv :setup.sh [4ms]
2025-04-23 19:50:37.732 [info] > git fetch [792ms]
2025-04-23 19:50:37.765 [info] > git config --get commit.template [2ms]
2025-04-23 19:50:37.794 [info] > git for-each-ref --format=%(refname)%00%(upstream:short)%00%(objectname)%00%(upstream:track)%00%(upstream:remotename)%00%(upstream:remoteref) refs/heads/main refs/remotes/main [2ms]
2025-04-23 19:50:37.853 [info] > git status -z -uall [31ms]
2025-04-23 19:50:37.854 [info] > git for-each-ref --sort -committerdate --format %(refname)%00%(objectname)%00%(*objectname) [3ms]
2025-04-23 19:50:39.006 [info] > git ls-files --stage -- setup.sh [4ms]
2025-04-23 19:50:39.046 [info] > git cat-file -s 068f6ea1ddbc5c043146df434bd735e35cce8618 [3ms]
2025-04-23 19:50:39.079 [info] > git show --textconv :setup.sh [3ms]
2025-04-23 19:50:43.263 [info] > git config --get commit.template [44ms]
2025-04-23 19:50:43.265 [info] > git for-each-ref --format=%(refname)%00%(upstream:short)%00%(objectname)%00%(upstream:track)%00%(upstream:remotename)%00%(upstream:remoteref) refs/heads/main refs/remotes/main [3ms]
2025-04-23 19:50:43.344 [info] > git status -z -uall [40ms]
2025-04-23 19:50:43.346 [info] > git for-each-ref --sort -committerdate --format %(refname)%00%(objectname)%00%(*objectname) [3ms]
2025-04-23 19:50:48.414 [info] > git config --get commit.template [31ms]
2025-04-23 19:50:48.416 [info] > git for-each-ref --format=%(refname)%00%(upstream:short)%00%(objectname)%00%(upstream:track)%00%(upstream:remotename)%00%(upstream:remoteref) refs/heads/main refs/remotes/main [3ms]
2025-04-23 19:50:48.479 [info] > git status -z -uall [33ms]
2025-04-23 19:50:48.482 [info] > git for-each-ref --sort -committerdate --format %(refname)%00%(objectname)%00%(*objectname) [3ms]
2025-04-23 19:50:53.433 [info] > git add -A -- . [39ms]
2025-04-23 19:50:53.494 [info] > git -c user.useConfigOnly=true commit --quiet --allow-empty-message --file - [22ms]
2025-04-23 19:50:53.535 [info] > git config --get commit.template [2ms]
2025-04-23 19:50:53.579 [info] > git config --get commit.template [2ms]
2025-04-23 19:50:53.622 [info] > git for-each-ref --format=%(refname)%00%(upstream:short)%00%(objectname)%00%(upstream:track)%00%(upstream:remotename)%00%(upstream:remoteref) refs/heads/main refs/remotes/main [5ms]
2025-04-23 19:50:53.706 [info] > git status -z -uall [41ms]
2025-04-23 19:50:53.707 [info] > git for-each-ref --sort -committerdate --format %(refname)%00%(objectname)%00%(*objectname) [3ms]
2025-04-23 19:50:53.797 [info] > git merge-base refs/heads/main refs/remotes/origin/main [5ms]
2025-04-23 19:50:53.839 [info] > git blame --root --incremental 67d784c918d11bba8036dafd41c07efc407f7a06 -- setup.sh [89ms]
2025-04-23 19:50:53.844 [info] > git diff --name-status -z --diff-filter=ADMR 862c35dc50d1aa8d441d5a5143e15f55ebd90ba4...refs/remotes/origin/main [5ms]
2025-04-23 19:50:53.936 [info] > git config --get commit.template [48ms]
2025-04-23 19:50:53.937 [info] > git for-each-ref --format=%(refname)%00%(upstream:short)%00%(objectname)%00%(upstream:track)%00%(upstream:remotename)%00%(upstream:remoteref) refs/heads/main refs/remotes/main [2ms]
2025-04-23 19:50:54.016 [info] > git status -z -uall [42ms]
2025-04-23 19:50:54.019 [info] > git for-each-ref --sort -committerdate --format %(refname)%00%(objectname)%00%(*objectname) [3ms]
2025-04-23 19:50:54.656 [info] > git log --oneline --cherry main...main@{upstream} -- [4ms]
2025-04-23 19:50:54.766 [info] > git ls-files --stage -- setup.sh [3ms]
2025-04-23 19:50:54.809 [info] > git cat-file -s a1406ad217ae7b6c17b317af8c862ead3f90d7e6 [3ms]
2025-04-23 19:50:54.855 [info] > git show --textconv :setup.sh [4ms]
2025-04-23 19:50:55.433 [info] > git pull --tags origin main [738ms]
2025-04-23 19:50:55.433 [info] From https://github.com/egirlcatnip/dotfiles
 * branch            main       -> FETCH_HEAD
2025-04-23 19:50:57.904 [info] > git push origin main:main [2432ms]
2025-04-23 19:50:57.904 [info] To https://github.com/egirlcatnip/dotfiles.git
   862c35d..67d784c  main -> main
2025-04-23 19:50:57.968 [info] > git config --get commit.template [32ms]
2025-04-23 19:50:57.969 [info] > git for-each-ref --format=%(refname)%00%(upstream:short)%00%(objectname)%00%(upstream:track)%00%(upstream:remotename)%00%(upstream:remoteref) refs/heads/main refs/remotes/main [2ms]
2025-04-23 19:50:58.036 [info] > git status -z -uall [34ms]
2025-04-23 19:50:58.037 [info] > git for-each-ref --sort -committerdate --format %(refname)%00%(objectname)%00%(*objectname) [2ms]
2025-04-23 19:50:58.074 [info] > git merge-base refs/heads/main refs/remotes/origin/main [3ms]
2025-04-23 19:50:58.106 [info] > git diff --name-status -z --diff-filter=ADMR 67d784c918d11bba8036dafd41c07efc407f7a06...refs/remotes/origin/main [2ms]
2025-04-23 19:50:58.544 [info] > git ls-files --stage -- setup.sh [3ms]
2025-04-23 19:50:58.574 [info] > git cat-file -s a1406ad217ae7b6c17b317af8c862ead3f90d7e6 [2ms]
2025-04-23 19:50:58.609 [info] > git show --textconv :setup.sh [4ms]
2025-04-23 19:51:39.719 [info] > git config --get commit.template [37ms]
2025-04-23 19:51:39.720 [info] > git for-each-ref --format=%(refname)%00%(upstream:short)%00%(objectname)%00%(upstream:track)%00%(upstream:remotename)%00%(upstream:remoteref) refs/heads/main refs/remotes/main [3ms]
2025-04-23 19:51:39.799 [info] > git status -z -uall [41ms]
2025-04-23 19:51:39.801 [info] > git for-each-ref --sort -committerdate --format %(refname)%00%(objectname)%00%(*objectname) [3ms]
2025-04-23 19:51:44.893 [info] > git config --get commit.template [43ms]
2025-04-23 19:51:44.895 [info] > git for-each-ref --format=%(refname)%00%(upstream:short)%00%(objectname)%00%(upstream:track)%00%(upstream:remotename)%00%(upstream:remoteref) refs/heads/main refs/remotes/main [3ms]
2025-04-23 19:51:44.980 [info] > git status -z -uall [42ms]
2025-04-23 19:51:44.982 [info] > git for-each-ref --sort -committerdate --format %(refname)%00%(objectname)%00%(*objectname) [3ms]
2025-04-23 19:51:49.896 [info] > git add -A -- . [37ms]
2025-04-23 19:51:50.475 [info] > git show --textconv :.git/COMMIT_EDITMSG [33ms]
2025-04-23 19:51:50.508 [info] > git ls-files --stage -- .git/COMMIT_EDITMSG [35ms]
2025-04-23 19:51:50.540 [info] > git hash-object -t tree /dev/null [34ms]
2025-04-23 19:51:50.540 [warning] [GitFileSystemProvider][readFile] File not found - git:/home/egirlcatnip/Repos/dotfiles/.git/COMMIT_EDITMSG.git?%7B%22path%22%3A%22%2Fhome%2Fegirlcatnip%2FRepos%2Fdotfiles%2F.git%2FCOMMIT_EDITMSG%22%2C%22ref%22%3A%22%22%7D
2025-04-23 19:51:50.541 [info] > git hash-object -t tree /dev/null [1ms]
2025-04-23 19:51:50.541 [warning] [GitFileSystemProvider][stat] File not found - git:/home/egirlcatnip/Repos/dotfiles/.git/COMMIT_EDITMSG.git?%7B%22path%22%3A%22%2Fhome%2Fegirlcatnip%2FRepos%2Fdotfiles%2F.git%2FCOMMIT_EDITMSG%22%2C%22ref%22%3A%22%22%7D
2025-04-23 19:51:50.794 [info] > git check-ignore -v -z --stdin [3ms]
2025-04-23 19:51:52.065 [info] > git blame --root --incremental 67d784c918d11bba8036dafd41c07efc407f7a06 -- .git/COMMIT_EDITMSG [3ms]
2025-04-23 19:51:52.065 [info] fatal: no such path .git/COMMIT_EDITMSG in 67d784c918d11bba8036dafd41c07efc407f7a06
2025-04-23 19:51:56.780 [info] > git -c user.useConfigOnly=true commit --quiet [6852ms]
2025-04-23 19:51:56.817 [info] > git config --get commit.template [4ms]
2025-04-23 19:51:56.854 [info] > git for-each-ref --format=%(refname)%00%(upstream:short)%00%(objectname)%00%(upstream:track)%00%(upstream:remotename)%00%(upstream:remoteref) refs/heads/main refs/remotes/main [3ms]
2025-04-23 19:51:56.925 [info] > git status -z -uall [35ms]
2025-04-23 19:51:56.926 [info] > git for-each-ref --sort -committerdate --format %(refname)%00%(objectname)%00%(*objectname) [2ms]
2025-04-23 19:51:57.000 [info] > git merge-base refs/heads/main refs/remotes/origin/main [37ms]
2025-04-23 19:51:57.033 [info] > git config --get commit.template [34ms]
2025-04-23 19:51:57.069 [info] > git diff --name-status -z --diff-filter=ADMR 67d784c918d11bba8036dafd41c07efc407f7a06...refs/remotes/origin/main [39ms]
2025-04-23 19:51:57.168 [info] > git show --textconv :setup.sh [35ms]
2025-04-23 19:51:57.169 [info] > git for-each-ref --format=%(refname)%00%(upstream:short)%00%(objectname)%00%(upstream:track)%00%(upstream:remotename)%00%(upstream:remoteref) refs/heads/main refs/remotes/main [68ms]
2025-04-23 19:51:57.170 [info] > git config --get commit.template [102ms]
2025-04-23 19:51:57.203 [info] > git ls-files --stage -- setup.sh [36ms]
2025-04-23 19:51:57.235 [info] > git for-each-ref --format=%(refname)%00%(upstream:short)%00%(objectname)%00%(upstream:track)%00%(upstream:remotename)%00%(upstream:remoteref) refs/heads/main refs/remotes/main [33ms]
2025-04-23 19:51:57.240 [info] > git cat-file -s 8cc3efe855fac5256e342eee1ab6660d403dbb94 [6ms]
2025-04-23 19:51:57.304 [info] > git status -z -uall [32ms]
2025-04-23 19:51:57.338 [info] > git for-each-ref --sort -committerdate --format %(refname)%00%(objectname)%00%(*objectname) [34ms]
2025-04-23 19:51:57.346 [info] > git blame --root --incremental bfdea50466030ca9e75b4abab37e8e655c7a5b45 -- setup.sh [9ms]
2025-04-23 19:52:00.480 [info] > git log --oneline --cherry main...main@{upstream} -- [3ms]
2025-04-23 19:52:01.092 [info] > git pull --tags origin main [581ms]
2025-04-23 19:52:01.092 [info] From https://github.com/egirlcatnip/dotfiles
 * branch            main       -> FETCH_HEAD
2025-04-23 19:52:03.134 [info] > git push origin main:main [2011ms]
2025-04-23 19:52:03.134 [info] To https://github.com/egirlcatnip/dotfiles.git
   67d784c..bfdea50  main -> main
2025-04-23 19:52:03.195 [info] > git config --get commit.template [30ms]
2025-04-23 19:52:03.196 [info] > git for-each-ref --format=%(refname)%00%(upstream:short)%00%(objectname)%00%(upstream:track)%00%(upstream:remotename)%00%(upstream:remoteref) refs/heads/main refs/remotes/main [2ms]
2025-04-23 19:52:03.259 [info] > git status -z -uall [32ms]
2025-04-23 19:52:03.260 [info] > git for-each-ref --sort -committerdate --format %(refname)%00%(objectname)%00%(*objectname) [2ms]
2025-04-23 19:52:03.299 [info] > git merge-base refs/heads/main refs/remotes/origin/main [3ms]
2025-04-23 19:52:03.331 [info] > git diff --name-status -z --diff-filter=ADMR bfdea50466030ca9e75b4abab37e8e655c7a5b45...refs/remotes/origin/main [3ms]
2025-04-23 19:52:03.875 [info] > git ls-files --stage -- setup.sh [4ms]
2025-04-23 19:52:03.906 [info] > git cat-file -s 8cc3efe855fac5256e342eee1ab6660d403dbb94 [2ms]
2025-04-23 19:52:03.939 [info] > git show --textconv :setup.sh [3ms]
2025-04-23 19:52:38.189 [info] > git config --get commit.template [43ms]
2025-04-23 19:52:38.191 [info] > git for-each-ref --format=%(refname)%00%(upstream:short)%00%(objectname)%00%(upstream:track)%00%(upstream:remotename)%00%(upstream:remoteref) refs/heads/main refs/remotes/main [3ms]
2025-04-23 19:52:38.273 [info] > git status -z -uall [42ms]
2025-04-23 19:52:38.275 [info] > git for-each-ref --sort -committerdate --format %(refname)%00%(objectname)%00%(*objectname) [2ms]
2025-04-23 19:53:38.659 [info] > git fetch [768ms]
2025-04-23 19:53:38.718 [info] > git config --get commit.template [27ms]
2025-04-23 19:53:38.719 [info] > git for-each-ref --format=%(refname)%00%(upstream:short)%00%(objectname)%00%(upstream:track)%00%(upstream:remotename)%00%(upstream:remoteref) refs/heads/main refs/remotes/main [3ms]
2025-04-23 19:53:38.780 [info] > git status -z -uall [32ms]
2025-04-23 19:53:38.780 [info] > git for-each-ref --sort -committerdate --format %(refname)%00%(objectname)%00%(*objectname) [2ms]
2025-04-23 19:53:39.917 [info] > git ls-files --stage -- setup.sh [5ms]
2025-04-23 19:53:39.944 [info] > git cat-file -s 8cc3efe855fac5256e342eee1ab6660d403dbb94 [2ms]
2025-04-23 19:53:39.976 [info] > git show --textconv :setup.sh [3ms]
2025-04-23 19:53:55.570 [info] > git config --get commit.template [2ms]
2025-04-23 19:53:55.604 [info] > git for-each-ref --format=%(refname)%00%(upstream:short)%00%(objectname)%00%(upstream:track)%00%(upstream:remotename)%00%(upstream:remoteref) refs/heads/main refs/remotes/main [3ms]
2025-04-23 19:53:55.670 [info] > git status -z -uall [33ms]
2025-04-23 19:53:55.671 [info] > git for-each-ref --sort -committerdate --format %(refname)%00%(objectname)%00%(*objectname) [2ms]
2025-04-23 19:55:02.914 [info] > git config --get commit.template [33ms]
2025-04-23 19:55:02.916 [info] > git for-each-ref --format=%(refname)%00%(upstream:short)%00%(objectname)%00%(upstream:track)%00%(upstream:remotename)%00%(upstream:remoteref) refs/heads/main refs/remotes/main [3ms]
2025-04-23 19:55:02.980 [info] > git status -z -uall [32ms]
2025-04-23 19:55:02.981 [info] > git for-each-ref --sort -committerdate --format %(refname)%00%(objectname)%00%(*objectname) [3ms]
2025-04-23 19:55:10.306 [info] > git config --get commit.template [32ms]
2025-04-23 19:55:10.307 [info] > git for-each-ref --format=%(refname)%00%(upstream:short)%00%(objectname)%00%(upstream:track)%00%(upstream:remotename)%00%(upstream:remoteref) refs/heads/main refs/remotes/main [2ms]
2025-04-23 19:55:10.371 [info] > git status -z -uall [32ms]
2025-04-23 19:55:10.371 [info] > git for-each-ref --sort -committerdate --format %(refname)%00%(objectname)%00%(*objectname) [2ms]
2025-04-23 19:55:15.455 [info] > git config --get commit.template [41ms]
2025-04-23 19:55:15.456 [info] > git for-each-ref --format=%(refname)%00%(upstream:short)%00%(objectname)%00%(upstream:track)%00%(upstream:remotename)%00%(upstream:remoteref) refs/heads/main refs/remotes/main [3ms]
2025-04-23 19:55:15.539 [info] > git status -z -uall [44ms]
2025-04-23 19:55:15.539 [info] > git for-each-ref --sort -committerdate --format %(refname)%00%(objectname)%00%(*objectname) [5ms]
2025-04-23 19:55:20.622 [info] > git config --get commit.template [39ms]
2025-04-23 19:55:20.624 [info] > git for-each-ref --format=%(refname)%00%(upstream:short)%00%(objectname)%00%(upstream:track)%00%(upstream:remotename)%00%(upstream:remoteref) refs/heads/main refs/remotes/main [3ms]
2025-04-23 19:55:20.704 [info] > git status -z -uall [42ms]
2025-04-23 19:55:20.706 [info] > git for-each-ref --sort -committerdate --format %(refname)%00%(objectname)%00%(*objectname) [3ms]
2025-04-23 19:56:07.243 [info] > git config --get commit.template [2ms]
2025-04-23 19:56:07.276 [info] > git for-each-ref --format=%(refname)%00%(upstream:short)%00%(objectname)%00%(upstream:track)%00%(upstream:remotename)%00%(upstream:remoteref) refs/heads/main refs/remotes/main [2ms]
2025-04-23 19:56:07.341 [info] > git status -z -uall [33ms]
2025-04-23 19:56:07.343 [info] > git for-each-ref --sort -committerdate --format %(refname)%00%(objectname)%00%(*objectname) [3ms]
2025-04-23 19:56:21.565 [info] > git config --get commit.template [31ms]
2025-04-23 19:56:21.567 [info] > git for-each-ref --format=%(refname)%00%(upstream:short)%00%(objectname)%00%(upstream:track)%00%(upstream:remotename)%00%(upstream:remoteref) refs/heads/main refs/remotes/main [2ms]
2025-04-23 19:56:21.631 [info] > git status -z -uall [32ms]
2025-04-23 19:56:21.633 [info] > git for-each-ref --sort -committerdate --format %(refname)%00%(objectname)%00%(*objectname) [2ms]
2025-04-23 19:56:38.326 [info] > git config --get commit.template [32ms]
2025-04-23 19:56:38.328 [info] > git for-each-ref --format=%(refname)%00%(upstream:short)%00%(objectname)%00%(upstream:track)%00%(upstream:remotename)%00%(upstream:remoteref) refs/heads/main refs/remotes/main [3ms]
2025-04-23 19:56:38.393 [info] > git status -z -uall [33ms]
2025-04-23 19:56:38.395 [info] > git for-each-ref --sort -committerdate --format %(refname)%00%(objectname)%00%(*objectname) [2ms]
2025-04-23 19:56:39.892 [info] > git fetch [1078ms]
2025-04-23 19:56:39.977 [info] > git config --get commit.template [42ms]
2025-04-23 19:56:39.979 [info] > git for-each-ref --format=%(refname)%00%(upstream:short)%00%(objectname)%00%(upstream:track)%00%(upstream:remotename)%00%(upstream:remoteref) refs/heads/main refs/remotes/main [4ms]
2025-04-23 19:56:40.061 [info] > git status -z -uall [42ms]
2025-04-23 19:56:40.062 [info] > git for-each-ref --sort -committerdate --format %(refname)%00%(objectname)%00%(*objectname) [3ms]
2025-04-23 19:56:41.119 [info] > git ls-files --stage -- setup.sh [4ms]
2025-04-23 19:56:41.174 [info] > git cat-file -s 8cc3efe855fac5256e342eee1ab6660d403dbb94 [12ms]
2025-04-23 19:56:41.221 [info] > git show --textconv :setup.sh [4ms]
2025-04-23 19:56:43.463 [info] > git config --get commit.template [33ms]
2025-04-23 19:56:43.465 [info] > git for-each-ref --format=%(refname)%00%(upstream:short)%00%(objectname)%00%(upstream:track)%00%(upstream:remotename)%00%(upstream:remoteref) refs/heads/main refs/remotes/main [3ms]
2025-04-23 19:56:43.528 [info] > git status -z -uall [31ms]
2025-04-23 19:56:43.530 [info] > git for-each-ref --sort -committerdate --format %(refname)%00%(objectname)%00%(*objectname) [3ms]
2025-04-23 19:56:45.489 [info] > git add -A -- . [39ms]
2025-04-23 19:56:45.550 [info] > git -c user.useConfigOnly=true commit --quiet --allow-empty-message --file - [21ms]
2025-04-23 19:56:45.592 [info] > git config --get commit.template [2ms]
2025-04-23 19:56:45.637 [info] > git config --get commit.template [2ms]
2025-04-23 19:56:45.683 [info] > git for-each-ref --format=%(refname)%00%(upstream:short)%00%(objectname)%00%(upstream:track)%00%(upstream:remotename)%00%(upstream:remoteref) refs/heads/main refs/remotes/main [4ms]
2025-04-23 19:56:45.767 [info] > git status -z -uall [42ms]
2025-04-23 19:56:45.768 [info] > git for-each-ref --sort -committerdate --format %(refname)%00%(objectname)%00%(*objectname) [3ms]
2025-04-23 19:56:45.858 [info] > git merge-base refs/heads/main refs/remotes/origin/main [4ms]
2025-04-23 19:56:45.898 [info] > git blame --root --incremental d691612aa1058c39543eb0224c46efb227ef4f48 -- setup.sh [86ms]
2025-04-23 19:56:45.902 [info] > git diff --name-status -z --diff-filter=ADMR bfdea50466030ca9e75b4abab37e8e655c7a5b45...refs/remotes/origin/main [4ms]
2025-04-23 19:56:45.993 [info] > git config --get commit.template [46ms]
2025-04-23 19:56:45.995 [info] > git for-each-ref --format=%(refname)%00%(upstream:short)%00%(objectname)%00%(upstream:track)%00%(upstream:remotename)%00%(upstream:remoteref) refs/heads/main refs/remotes/main [4ms]
2025-04-23 19:56:46.091 [info] > git status -z -uall [53ms]
2025-04-23 19:56:46.093 [info] > git for-each-ref --sort -committerdate --format %(refname)%00%(objectname)%00%(*objectname) [4ms]
2025-04-23 19:56:46.819 [info] > git ls-files --stage -- setup.sh [4ms]
2025-04-23 19:56:46.854 [info] > git cat-file -s 74016535e2c3c4aa10b30591d5c378219150aeaa [3ms]
2025-04-23 19:56:46.905 [info] > git show --textconv :setup.sh [4ms]
2025-04-23 19:56:48.111 [info] > git log --oneline --cherry main...main@{upstream} -- [3ms]
2025-04-23 19:56:48.814 [info] > git pull --tags origin main [662ms]
2025-04-23 19:56:48.815 [info] From https://github.com/egirlcatnip/dotfiles
 * branch            main       -> FETCH_HEAD
2025-04-23 19:56:50.014 [info] > git ls-files --stage -- setup.sh [4ms]
2025-04-23 19:56:50.048 [info] > git cat-file -s 74016535e2c3c4aa10b30591d5c378219150aeaa [2ms]
2025-04-23 19:56:50.085 [info] > git show --textconv :setup.sh [4ms]
2025-04-23 19:56:51.189 [info] > git push origin main:main [2333ms]
2025-04-23 19:56:51.189 [info] To https://github.com/egirlcatnip/dotfiles.git
   bfdea50..d691612  main -> main
2025-04-23 19:56:51.256 [info] > git config --get commit.template [34ms]
2025-04-23 19:56:51.257 [info] > git for-each-ref --format=%(refname)%00%(upstream:short)%00%(objectname)%00%(upstream:track)%00%(upstream:remotename)%00%(upstream:remoteref) refs/heads/main refs/remotes/main [3ms]
2025-04-23 19:56:51.325 [info] > git status -z -uall [35ms]
2025-04-23 19:56:51.326 [info] > git for-each-ref --sort -committerdate --format %(refname)%00%(objectname)%00%(*objectname) [3ms]
2025-04-23 19:56:51.366 [info] > git merge-base refs/heads/main refs/remotes/origin/main [3ms]
2025-04-23 19:56:51.402 [info] > git diff --name-status -z --diff-filter=ADMR d691612aa1058c39543eb0224c46efb227ef4f48...refs/remotes/origin/main [3ms]
2025-04-23 19:56:52.462 [info] > git ls-files --stage -- setup.sh [4ms]
2025-04-23 19:56:52.495 [info] > git cat-file -s 74016535e2c3c4aa10b30591d5c378219150aeaa [3ms]
2025-04-23 19:56:52.539 [info] > git show --textconv :setup.sh [4ms]
