2025-04-23 16:05:24.239 [info] Reading sessions from keychain...
2025-04-23 16:05:24.239 [info] Getting sessions for all scopes...
2025-04-23 16:05:24.239 [info] Getting sessions for all scopes...
2025-04-23 16:05:24.239 [info] Getting sessions for all scopes...
2025-04-23 16:05:24.239 [info] Getting sessions for all scopes...
2025-04-23 16:05:24.239 [info] Getting sessions for read:user,repo,user:email,workflow...
2025-04-23 16:05:24.249 [info] Got stored sessions!
2025-04-23 16:05:24.249 [info] Got 2 verified sessions.
2025-04-23 16:05:24.249 [info] Got 2 sessions for ...
2025-04-23 16:05:24.249 [info] Got 2 sessions for ...
2025-04-23 16:05:24.249 [info] Got 2 sessions for ...
2025-04-23 16:05:24.249 [info] Got 2 sessions for ...
2025-04-23 16:05:24.249 [info] Got 1 sessions for read:user,repo,user:email,workflow...
2025-04-23 16:05:24.254 [info] Getting sessions for read:user,repo,user:email,workflow...
2025-04-23 16:05:24.254 [info] Got 1 sessions for read:user,repo,user:email,workflow...
2025-04-23 16:05:24.256 [info] Getting sessions for user:email...
2025-04-23 16:05:24.256 [info] Got 1 sessions for user:email...
2025-04-23 16:05:24.355 [info] Getting sessions for read:user,repo,user:email,workflow...
2025-04-23 16:05:24.355 [info] Got 1 sessions for read:user,repo,user:email,workflow...
2025-04-23 16:05:24.357 [info] Getting sessions for read:user...
2025-04-23 16:05:24.357 [info] Got 0 sessions for read:user...
2025-04-23 16:05:24.365 [info] Getting sessions for user:email...
2025-04-23 16:05:24.365 [info] Got 1 sessions for user:email...
2025-04-23 16:05:24.365 [info] Getting sessions for all scopes...
2025-04-23 16:05:24.366 [info] Got 2 sessions for ...
2025-04-23 16:05:24.366 [info] Getting sessions for all scopes...
2025-04-23 16:05:24.366 [info] Got 2 sessions for ...
2025-04-23 16:05:24.366 [info] Getting sessions for read:user,repo,user:email,workflow...
2025-04-23 16:05:24.366 [info] Got 1 sessions for read:user,repo,user:email,workflow...
2025-04-23 16:05:24.367 [info] Getting sessions for user:email...
2025-04-23 16:05:24.367 [info] Got 1 sessions for user:email...
2025-04-23 16:05:24.367 [info] Getting sessions for read:user...
2025-04-23 16:05:24.367 [info] Got 0 sessions for read:user...
2025-04-23 16:05:24.368 [info] Getting sessions for user:email...
2025-04-23 16:05:24.368 [info] Got 1 sessions for user:email...
2025-04-23 16:05:24.371 [info] Getting sessions for all scopes...
2025-04-23 16:05:24.371 [info] Got 2 sessions for ...
2025-04-23 16:05:24.372 [info] Getting sessions for read:user,repo,user:email,workflow...
2025-04-23 16:05:24.372 [info] Got 1 sessions for read:user,repo,user:email,workflow...
2025-04-23 16:05:24.372 [info] Getting sessions for user:email...
2025-04-23 16:05:24.372 [info] Got 1 sessions for user:email...
2025-04-23 16:05:24.373 [info] Getting sessions for read:user...
2025-04-23 16:05:24.373 [info] Got 0 sessions for read:user...
2025-04-23 16:05:24.374 [info] Getting sessions for user:email...
2025-04-23 16:05:24.374 [info] Got 1 sessions for user:email...
2025-04-23 16:05:24.375 [info] Getting sessions for all scopes...
2025-04-23 16:05:24.375 [info] Got 2 sessions for ...
2025-04-23 16:05:24.375 [info] Getting sessions for read:user,repo,user:email,workflow...
2025-04-23 16:05:24.375 [info] Got 1 sessions for read:user,repo,user:email,workflow...
2025-04-23 16:05:24.376 [info] Getting sessions for user:email...
2025-04-23 16:05:24.376 [info] Got 1 sessions for user:email...
2025-04-23 16:05:24.376 [info] Getting sessions for read:user...
2025-04-23 16:05:24.376 [info] Got 0 sessions for read:user...
2025-04-23 16:05:24.377 [info] Getting sessions for user:email...
2025-04-23 16:05:24.377 [info] Got 1 sessions for user:email...
2025-04-23 16:05:24.377 [info] Getting sessions for all scopes...
2025-04-23 16:05:24.377 [info] Got 2 sessions for ...
2025-04-23 16:05:24.378 [info] Getting sessions for read:user,repo,user:email,workflow...
2025-04-23 16:05:24.378 [info] Got 1 sessions for read:user,repo,user:email,workflow...
2025-04-23 16:05:24.378 [info] Getting sessions for user:email...
2025-04-23 16:05:24.379 [info] Got 1 sessions for user:email...
2025-04-23 16:05:24.379 [info] Getting sessions for read:user...
2025-04-23 16:05:24.379 [info] Got 0 sessions for read:user...
2025-04-23 16:05:24.380 [info] Getting sessions for user:email...
2025-04-23 16:05:24.380 [info] Got 1 sessions for user:email...
2025-04-23 16:05:24.507 [info] Getting sessions for all scopes...
2025-04-23 16:05:24.507 [info] Got 2 sessions for ...
