2025-04-23 19:30:39.340 [info] Reading sessions from keychain...
2025-04-23 19:30:39.340 [info] Getting sessions for all scopes...
2025-04-23 19:30:39.340 [info] Getting sessions for all scopes...
2025-04-23 19:30:39.341 [info] Getting sessions for all scopes...
2025-04-23 19:30:39.341 [info] Getting sessions for all scopes...
2025-04-23 19:30:39.341 [info] Getting sessions for read:user,repo,user:email,workflow...
2025-04-23 19:30:39.364 [info] Got stored sessions!
2025-04-23 19:30:39.364 [info] Got 2 verified sessions.
2025-04-23 19:30:39.365 [info] Got 2 sessions for ...
2025-04-23 19:30:39.365 [info] Got 2 sessions for ...
2025-04-23 19:30:39.365 [info] Got 2 sessions for ...
2025-04-23 19:30:39.365 [info] Got 2 sessions for ...
2025-04-23 19:30:39.365 [info] Got 1 sessions for read:user,repo,user:email,workflow...
2025-04-23 19:30:39.368 [info] Getting sessions for read:user,repo,user:email,workflow...
2025-04-23 19:30:39.368 [info] Got 1 sessions for read:user,repo,user:email,workflow...
2025-04-23 19:30:39.370 [info] Getting sessions for user:email...
2025-04-23 19:30:39.370 [info] Got 1 sessions for user:email...
2025-04-23 19:30:39.457 [info] Getting sessions for read:user,repo,user:email,workflow...
2025-04-23 19:30:39.457 [info] Got 1 sessions for read:user,repo,user:email,workflow...
2025-04-23 19:30:39.458 [info] Getting sessions for read:user...
2025-04-23 19:30:39.458 [info] Got 0 sessions for read:user...
2025-04-23 19:30:39.459 [info] Getting sessions for user:email...
2025-04-23 19:30:39.459 [info] Got 1 sessions for user:email...
2025-04-23 19:30:39.460 [info] Getting sessions for all scopes...
2025-04-23 19:30:39.460 [info] Got 2 sessions for ...
2025-04-23 19:30:39.460 [info] Getting sessions for all scopes...
2025-04-23 19:30:39.460 [info] Got 2 sessions for ...
2025-04-23 19:30:39.461 [info] Getting sessions for read:user,repo,user:email,workflow...
2025-04-23 19:30:39.461 [info] Got 1 sessions for read:user,repo,user:email,workflow...
2025-04-23 19:30:39.462 [info] Getting sessions for user:email...
2025-04-23 19:30:39.462 [info] Got 1 sessions for user:email...
2025-04-23 19:30:39.462 [info] Getting sessions for read:user...
2025-04-23 19:30:39.462 [info] Got 0 sessions for read:user...
2025-04-23 19:30:39.463 [info] Getting sessions for user:email...
2025-04-23 19:30:39.463 [info] Got 1 sessions for user:email...
2025-04-23 19:30:39.466 [info] Getting sessions for all scopes...
2025-04-23 19:30:39.466 [info] Got 2 sessions for ...
2025-04-23 19:30:39.466 [info] Getting sessions for read:user,repo,user:email,workflow...
2025-04-23 19:30:39.466 [info] Got 1 sessions for read:user,repo,user:email,workflow...
2025-04-23 19:30:39.467 [info] Getting sessions for user:email...
2025-04-23 19:30:39.467 [info] Got 1 sessions for user:email...
2025-04-23 19:30:39.468 [info] Getting sessions for read:user...
2025-04-23 19:30:39.468 [info] Got 0 sessions for read:user...
2025-04-23 19:30:39.468 [info] Getting sessions for user:email...
2025-04-23 19:30:39.468 [info] Got 1 sessions for user:email...
2025-04-23 19:30:39.469 [info] Getting sessions for all scopes...
2025-04-23 19:30:39.469 [info] Got 2 sessions for ...
2025-04-23 19:30:39.470 [info] Getting sessions for read:user,repo,user:email,workflow...
2025-04-23 19:30:39.470 [info] Got 1 sessions for read:user,repo,user:email,workflow...
2025-04-23 19:30:39.470 [info] Getting sessions for user:email...
2025-04-23 19:30:39.470 [info] Got 1 sessions for user:email...
2025-04-23 19:30:39.471 [info] Getting sessions for read:user...
2025-04-23 19:30:39.471 [info] Got 0 sessions for read:user...
2025-04-23 19:30:39.471 [info] Getting sessions for user:email...
2025-04-23 19:30:39.472 [info] Got 1 sessions for user:email...
2025-04-23 19:30:39.472 [info] Getting sessions for all scopes...
2025-04-23 19:30:39.472 [info] Got 2 sessions for ...
2025-04-23 19:30:39.473 [info] Getting sessions for read:user,repo,user:email,workflow...
2025-04-23 19:30:39.473 [info] Got 1 sessions for read:user,repo,user:email,workflow...
2025-04-23 19:30:39.474 [info] Getting sessions for user:email...
2025-04-23 19:30:39.474 [info] Got 1 sessions for user:email...
2025-04-23 19:30:39.475 [info] Getting sessions for read:user...
2025-04-23 19:30:39.475 [info] Got 0 sessions for read:user...
2025-04-23 19:30:39.475 [info] Getting sessions for user:email...
2025-04-23 19:30:39.475 [info] Got 1 sessions for user:email...
2025-04-23 19:30:39.734 [info] Getting sessions for all scopes...
2025-04-23 19:30:39.734 [info] Got 2 sessions for ...
2025-04-23 19:31:07.103 [info] Reading sessions from keychain...
2025-04-23 19:31:07.103 [info] Getting sessions for all scopes...
2025-04-23 19:31:07.103 [info] Getting sessions for all scopes...
2025-04-23 19:31:07.103 [info] Got stored sessions!
2025-04-23 19:31:07.103 [info] Got 2 verified sessions.
2025-04-23 19:31:07.103 [info] Got 2 sessions for ...
2025-04-23 19:31:07.103 [info] Got 2 sessions for ...
2025-04-23 19:31:07.103 [info] Getting sessions for all scopes...
2025-04-23 19:31:07.103 [info] Got 2 sessions for ...
2025-04-23 19:31:07.103 [info] Getting sessions for all scopes...
2025-04-23 19:31:07.103 [info] Got 2 sessions for ...
2025-04-23 19:31:07.103 [info] Getting sessions for read:user,repo,user:email,workflow...
2025-04-23 19:31:07.103 [info] Got 1 sessions for read:user,repo,user:email,workflow...
2025-04-23 19:31:07.251 [info] Getting sessions for read:user,repo,user:email,workflow...
2025-04-23 19:31:07.251 [info] Got 1 sessions for read:user,repo,user:email,workflow...
2025-04-23 19:31:07.347 [info] Getting sessions for read:user,repo,user:email,workflow...
2025-04-23 19:31:07.347 [info] Got 1 sessions for read:user,repo,user:email,workflow...
2025-04-23 19:31:07.542 [info] Getting sessions for user:email...
2025-04-23 19:31:07.542 [info] Got 1 sessions for user:email...
2025-04-23 19:31:07.542 [info] Getting sessions for read:user,repo,user:email,workflow...
2025-04-23 19:31:07.542 [info] Got 1 sessions for read:user,repo,user:email,workflow...
2025-04-23 19:31:07.621 [info] Getting sessions for read:user...
2025-04-23 19:31:07.621 [info] Got 0 sessions for read:user...
2025-04-23 19:31:07.683 [info] Getting sessions for user:email...
2025-04-23 19:31:07.683 [info] Got 1 sessions for user:email...
2025-04-23 19:31:07.760 [info] Getting sessions for all scopes...
2025-04-23 19:31:07.760 [info] Got 2 sessions for ...
2025-04-23 19:31:07.760 [info] Getting sessions for all scopes...
2025-04-23 19:31:07.760 [info] Got 2 sessions for ...
2025-04-23 19:31:07.760 [info] Getting sessions for all scopes...
2025-04-23 19:31:07.760 [info] Got 2 sessions for ...
2025-04-23 19:31:07.762 [info] Getting sessions for read:user,repo,user:email,workflow...
2025-04-23 19:31:07.762 [info] Got 1 sessions for read:user,repo,user:email,workflow...
2025-04-23 19:31:07.762 [info] Getting sessions for user:email...
2025-04-23 19:31:07.762 [info] Got 1 sessions for user:email...
2025-04-23 19:31:07.763 [info] Getting sessions for read:user,repo,user:email,workflow...
2025-04-23 19:31:07.763 [info] Got 1 sessions for read:user,repo,user:email,workflow...
2025-04-23 19:31:07.766 [info] Getting sessions for read:user...
2025-04-23 19:31:07.766 [info] Got 0 sessions for read:user...
2025-04-23 19:31:07.767 [info] Getting sessions for user:email...
2025-04-23 19:31:07.767 [info] Got 1 sessions for user:email...
2025-04-23 19:31:07.771 [info] Getting sessions for all scopes...
2025-04-23 19:31:07.771 [info] Got 2 sessions for ...
2025-04-23 19:31:07.772 [info] Getting sessions for read:user,repo,user:email,workflow...
2025-04-23 19:31:07.772 [info] Got 1 sessions for read:user,repo,user:email,workflow...
2025-04-23 19:31:07.772 [info] Getting sessions for user:email...
2025-04-23 19:31:07.772 [info] Got 1 sessions for user:email...
2025-04-23 19:31:07.773 [info] Getting sessions for read:user...
2025-04-23 19:31:07.773 [info] Got 0 sessions for read:user...
2025-04-23 19:31:07.774 [info] Getting sessions for user:email...
2025-04-23 19:31:07.774 [info] Got 1 sessions for user:email...
2025-04-23 19:31:07.775 [info] Getting sessions for all scopes...
2025-04-23 19:31:07.775 [info] Got 2 sessions for ...
2025-04-23 19:31:07.776 [info] Getting sessions for read:user,repo,user:email,workflow...
2025-04-23 19:31:07.776 [info] Got 1 sessions for read:user,repo,user:email,workflow...
2025-04-23 19:31:07.776 [info] Getting sessions for user:email...
2025-04-23 19:31:07.776 [info] Got 1 sessions for user:email...
2025-04-23 19:31:07.777 [info] Getting sessions for read:user...
2025-04-23 19:31:07.777 [info] Got 0 sessions for read:user...
2025-04-23 19:31:07.778 [info] Getting sessions for user:email...
2025-04-23 19:31:07.778 [info] Got 1 sessions for user:email...
2025-04-23 19:31:07.778 [info] Getting sessions for all scopes...
2025-04-23 19:31:07.778 [info] Got 2 sessions for ...
2025-04-23 19:31:07.779 [info] Getting sessions for read:user,repo,user:email,workflow...
2025-04-23 19:31:07.779 [info] Got 1 sessions for read:user,repo,user:email,workflow...
2025-04-23 19:31:07.779 [info] Getting sessions for user:email...
2025-04-23 19:31:07.779 [info] Got 1 sessions for user:email...
2025-04-23 19:31:07.780 [info] Getting sessions for read:user...
2025-04-23 19:31:07.780 [info] Got 0 sessions for read:user...
2025-04-23 19:31:07.780 [info] Getting sessions for user:email...
2025-04-23 19:31:07.780 [info] Got 1 sessions for user:email...
2025-04-23 19:31:08.041 [info] Getting sessions for read:user,repo,user:email,workflow...
2025-04-23 19:31:08.041 [info] Got 1 sessions for read:user,repo,user:email,workflow...
2025-04-23 19:32:35.804 [info] Getting sessions for read:user,repo,user:email,workflow...
2025-04-23 19:32:35.804 [info] Got 1 sessions for read:user,repo,user:email,workflow...
2025-04-23 19:33:49.301 [info] Getting sessions for read:user,repo,user:email,workflow...
2025-04-23 19:33:49.301 [info] Got 1 sessions for read:user,repo,user:email,workflow...
2025-04-23 19:41:30.387 [info] Getting sessions for read:user,repo,user:email,workflow...
2025-04-23 19:41:30.387 [info] Got 1 sessions for read:user,repo,user:email,workflow...
2025-04-23 19:46:07.785 [info] Getting sessions for all scopes...
2025-04-23 19:46:07.785 [info] Got 2 sessions for ...
2025-04-23 19:46:07.787 [info] Getting sessions for read:user,repo,user:email,workflow...
2025-04-23 19:46:07.787 [info] Got 1 sessions for read:user,repo,user:email,workflow...
2025-04-23 19:46:07.789 [info] Getting sessions for user:email...
2025-04-23 19:46:07.789 [info] Got 1 sessions for user:email...
2025-04-23 19:46:07.791 [info] Getting sessions for read:user...
2025-04-23 19:46:07.791 [info] Got 0 sessions for read:user...
2025-04-23 19:46:07.793 [info] Getting sessions for user:email...
2025-04-23 19:46:07.793 [info] Got 1 sessions for user:email...
2025-04-23 19:46:07.794 [info] Getting sessions for all scopes...
2025-04-23 19:46:07.794 [info] Got 2 sessions for ...
2025-04-23 19:46:07.796 [info] Getting sessions for read:user,repo,user:email,workflow...
2025-04-23 19:46:07.796 [info] Got 1 sessions for read:user,repo,user:email,workflow...
2025-04-23 19:46:07.798 [info] Getting sessions for user:email...
2025-04-23 19:46:07.798 [info] Got 1 sessions for user:email...
2025-04-23 19:46:07.799 [info] Getting sessions for read:user...
2025-04-23 19:46:07.799 [info] Got 0 sessions for read:user...
2025-04-23 19:46:07.801 [info] Getting sessions for user:email...
2025-04-23 19:46:07.801 [info] Got 1 sessions for user:email...
2025-04-23 19:48:16.824 [info] Getting sessions for read:user,repo,user:email,workflow...
2025-04-23 19:48:16.824 [info] Got 1 sessions for read:user,repo,user:email,workflow...
2025-04-23 19:50:56.206 [info] Getting sessions for read:user,repo,user:email,workflow...
2025-04-23 19:50:56.206 [info] Got 1 sessions for read:user,repo,user:email,workflow...
2025-04-23 19:52:01.743 [info] Getting sessions for read:user,repo,user:email,workflow...
2025-04-23 19:52:01.743 [info] Got 1 sessions for read:user,repo,user:email,workflow...
2025-04-23 19:56:16.295 [info] Getting sessions for read:user,repo,user:email,workflow...
2025-04-23 19:56:16.295 [info] Got 1 sessions for read:user,repo,user:email,workflow...
2025-04-23 19:56:49.572 [info] Getting sessions for read:user,repo,user:email,workflow...
2025-04-23 19:56:49.572 [info] Got 1 sessions for read:user,repo,user:email,workflow...
