2025-04-23 20:20:37.011 [info] [main] Log level: Info
2025-04-23 20:20:37.011 [info] [main] Validating found git in: "git"
2025-04-23 20:20:37.011 [info] [main] Using git "2.49.0" from "git"
2025-04-23 20:20:37.011 [info] [Model][doInitialScan] Initial repository scan started
2025-04-23 20:20:37.011 [info] > git rev-parse --show-toplevel [5ms]
2025-04-23 20:20:37.011 [info] > git rev-parse --git-dir --git-common-dir [964ms]
2025-04-23 20:20:37.011 [info] [Model][openRepository] Opened repository: /home/egirlcatnip/Repos/dotfiles
2025-04-23 20:20:37.024 [info] > git config --get commit.template [57ms]
2025-04-23 20:20:37.090 [info] > git rev-parse --show-toplevel [29ms]
2025-04-23 20:20:37.107 [info] > git for-each-ref --format=%(refname)%00%(upstream:short)%00%(objectname)%00%(upstream:track)%00%(upstream:remotename)%00%(upstream:remoteref) refs/heads/main refs/remotes/main [22ms]
2025-04-23 20:20:37.110 [info] > git rev-parse --show-toplevel [4ms]
2025-04-23 20:20:37.146 [info] > git rev-parse --show-toplevel [18ms]
2025-04-23 20:20:37.218 [info] > git status -z -uall [50ms]
2025-04-23 20:20:37.218 [info] > git rev-parse --show-toplevel [15ms]
2025-04-23 20:20:37.218 [info] > git for-each-ref --sort -committerdate --format %(refname)%00%(objectname)%00%(*objectname) [32ms]
2025-04-23 20:20:37.243 [info] > git fetch [612ms]
2025-04-23 20:20:37.295 [info] > git for-each-ref --format=%(refname)%00%(upstream:short)%00%(objectname)%00%(upstream:track)%00%(upstream:remotename)%00%(upstream:remoteref) refs/heads/main refs/remotes/main [54ms]
2025-04-23 20:20:37.323 [info] > git config --get --local branch.main.vscode-merge-base [12ms]
2025-04-23 20:20:37.339 [info] > git config --get commit.template [45ms]
2025-04-23 20:20:37.340 [info] > git config --get commit.template [62ms]
2025-04-23 20:20:37.340 [info] > git rev-parse --show-toplevel [78ms]
2025-04-23 20:20:37.340 [info] [Model][doInitialScan] Initial repository scan completed - repositories (1), closed repositories (0), parent repositories (0), unsafe repositories (0)
2025-04-23 20:20:37.413 [info] > git show --textconv :setup.sh [56ms]
2025-04-23 20:20:37.413 [info] > git ls-files --stage -- setup.sh [40ms]
2025-04-23 20:20:37.436 [info] > git for-each-ref --format=%(refname)%00%(upstream:short)%00%(objectname)%00%(upstream:track)%00%(upstream:remotename)%00%(upstream:remoteref) refs/heads/origin/main refs/remotes/origin/main [97ms]
2025-04-23 20:20:37.490 [info] > git merge-base refs/heads/main refs/remotes/origin/main [34ms]
2025-04-23 20:20:37.506 [info] > git cat-file -s 74016535e2c3c4aa10b30591d5c378219150aeaa [71ms]
2025-04-23 20:20:37.530 [info] > git check-ignore -v -z --stdin [7ms]
2025-04-23 20:20:37.535 [info] > git diff --name-status -z --diff-filter=ADMR d691612aa1058c39543eb0224c46efb227ef4f48...refs/remotes/origin/main [29ms]
2025-04-23 20:20:37.535 [info] > git for-each-ref --format=%(refname)%00%(upstream:short)%00%(objectname)%00%(upstream:track)%00%(upstream:remotename)%00%(upstream:remoteref) refs/heads/main refs/remotes/main [45ms]
2025-04-23 20:20:37.535 [info] > git for-each-ref --format=%(refname)%00%(upstream:short)%00%(objectname)%00%(upstream:track)%00%(upstream:remotename)%00%(upstream:remoteref) refs/heads/main refs/remotes/main [60ms]
2025-04-23 20:20:37.695 [info] > git for-each-ref --sort -committerdate --format %(refname)%00%(objectname)%00%(*objectname) [2ms] (cancelled)
2025-04-23 20:20:37.716 [info] > git status -z -uall [39ms] (cancelled)
2025-04-23 20:20:37.735 [info] > git config --get commit.template [21ms]
2025-04-23 20:20:37.752 [info] > git blame --root --incremental d691612aa1058c39543eb0224c46efb227ef4f48 -- setup.sh [18ms]
2025-04-23 20:20:37.754 [info] > git for-each-ref --format=%(refname)%00%(upstream:short)%00%(objectname)%00%(upstream:track)%00%(upstream:remotename)%00%(upstream:remoteref) refs/heads/main refs/remotes/main [3ms]
2025-04-23 20:20:37.789 [info] > git status -z -uall [17ms]
2025-04-23 20:20:37.790 [info] > git for-each-ref --sort -committerdate --format %(refname)%00%(objectname)%00%(*objectname) [1ms]
2025-04-23 20:20:38.438 [info] > git ls-files --stage -- setup.sh [6ms]
2025-04-23 20:20:38.455 [info] > git cat-file -s 74016535e2c3c4aa10b30591d5c378219150aeaa [1ms]
2025-04-23 20:20:38.475 [info] > git show --textconv :setup.sh [2ms]
2025-04-23 20:21:05.930 [info] > git config --get commit.template [22ms]
2025-04-23 20:21:05.931 [info] > git for-each-ref --format=%(refname)%00%(upstream:short)%00%(objectname)%00%(upstream:track)%00%(upstream:remotename)%00%(upstream:remoteref) refs/heads/main refs/remotes/main [2ms]
2025-04-23 20:21:05.971 [info] > git for-each-ref --sort -committerdate --format %(refname)%00%(objectname)%00%(*objectname) [1ms]
2025-04-23 20:21:05.972 [info] > git status -z -uall [23ms]
2025-04-23 20:21:11.001 [info] > git config --get commit.template [2ms]
2025-04-23 20:21:11.023 [info] > git for-each-ref --format=%(refname)%00%(upstream:short)%00%(objectname)%00%(upstream:track)%00%(upstream:remotename)%00%(upstream:remoteref) refs/heads/main refs/remotes/main [1ms]
2025-04-23 20:21:11.065 [info] > git status -z -uall [21ms]
2025-04-23 20:21:11.066 [info] > git for-each-ref --sort -committerdate --format %(refname)%00%(objectname)%00%(*objectname) [1ms]
2025-04-23 20:21:37.608 [info] > git config --get commit.template [23ms]
2025-04-23 20:21:37.609 [info] > git for-each-ref --format=%(refname)%00%(upstream:short)%00%(objectname)%00%(upstream:track)%00%(upstream:remotename)%00%(upstream:remoteref) refs/heads/main refs/remotes/main [1ms]
2025-04-23 20:21:37.656 [info] > git status -z -uall [24ms]
2025-04-23 20:21:37.657 [info] > git for-each-ref --sort -committerdate --format %(refname)%00%(objectname)%00%(*objectname) [2ms]
2025-04-23 20:22:21.772 [info] > git config --get commit.template [21ms]
2025-04-23 20:22:21.773 [info] > git for-each-ref --format=%(refname)%00%(upstream:short)%00%(objectname)%00%(upstream:track)%00%(upstream:remotename)%00%(upstream:remoteref) refs/heads/main refs/remotes/main [2ms]
2025-04-23 20:22:21.817 [info] > git status -z -uall [23ms]
2025-04-23 20:22:21.817 [info] > git for-each-ref --sort -committerdate --format %(refname)%00%(objectname)%00%(*objectname) [2ms]
2025-04-23 20:23:38.615 [info] > git fetch [895ms]
2025-04-23 20:23:38.657 [info] > git config --get commit.template [21ms]
2025-04-23 20:23:38.658 [info] > git for-each-ref --format=%(refname)%00%(upstream:short)%00%(objectname)%00%(upstream:track)%00%(upstream:remotename)%00%(upstream:remoteref) refs/heads/main refs/remotes/main [2ms]
2025-04-23 20:23:38.697 [info] > git status -z -uall [21ms]
2025-04-23 20:23:38.699 [info] > git for-each-ref --sort -committerdate --format %(refname)%00%(objectname)%00%(*objectname) [3ms]
2025-04-23 20:23:39.827 [info] > git ls-files --stage -- setup.sh [2ms]
2025-04-23 20:23:39.849 [info] > git cat-file -s 74016535e2c3c4aa10b30591d5c378219150aeaa [1ms]
2025-04-23 20:23:39.874 [info] > git show --textconv :setup.sh [3ms]
2025-04-23 20:27:23.551 [info] > git fetch [628ms]
2025-04-23 20:27:23.575 [info] > git config --get commit.template [2ms]
2025-04-23 20:27:23.598 [info] > git for-each-ref --format=%(refname)%00%(upstream:short)%00%(objectname)%00%(upstream:track)%00%(upstream:remotename)%00%(upstream:remoteref) refs/heads/main refs/remotes/main [1ms]
2025-04-23 20:27:23.644 [info] > git status -z -uall [24ms]
2025-04-23 20:27:23.644 [info] > git for-each-ref --sort -committerdate --format %(refname)%00%(objectname)%00%(*objectname) [1ms]
2025-04-23 20:27:31.584 [info] > git config --get commit.template [23ms]
2025-04-23 20:27:31.608 [info] > git ls-files --stage -- setup.sh [25ms]
2025-04-23 20:27:31.629 [info] > git for-each-ref --format=%(refname)%00%(upstream:short)%00%(objectname)%00%(upstream:track)%00%(upstream:remotename)%00%(upstream:remoteref) refs/heads/main refs/remotes/main [22ms]
2025-04-23 20:27:31.676 [info] > git status -z -uall [25ms]
2025-04-23 20:27:31.676 [info] > git cat-file -s 74016535e2c3c4aa10b30591d5c378219150aeaa [47ms]
2025-04-23 20:27:31.677 [info] > git for-each-ref --sort -committerdate --format %(refname)%00%(objectname)%00%(*objectname) [2ms]
2025-04-23 20:27:31.704 [info] > git show --textconv :setup.sh [3ms]
2025-04-23 20:32:04.381 [info] > git fetch [371ms]
2025-04-23 20:32:04.411 [info] > git config --get commit.template [14ms]
2025-04-23 20:32:04.411 [info] > git for-each-ref --format=%(refname)%00%(upstream:short)%00%(objectname)%00%(upstream:track)%00%(upstream:remotename)%00%(upstream:remoteref) refs/heads/main refs/remotes/main [1ms]
2025-04-23 20:32:04.442 [info] > git status -z -uall [15ms]
2025-04-23 20:32:04.442 [info] > git for-each-ref --sort -committerdate --format %(refname)%00%(objectname)%00%(*objectname) [1ms]
2025-04-23 20:32:05.528 [info] > git config --get commit.template [2ms]
2025-04-23 20:32:05.552 [info] > git for-each-ref --format=%(refname)%00%(upstream:short)%00%(objectname)%00%(upstream:track)%00%(upstream:remotename)%00%(upstream:remoteref) refs/heads/main refs/remotes/main [2ms]
2025-04-23 20:32:05.598 [info] > git status -z -uall [24ms]
2025-04-23 20:32:05.599 [info] > git for-each-ref --sort -committerdate --format %(refname)%00%(objectname)%00%(*objectname) [2ms]
2025-04-23 20:32:05.625 [info] > git ls-files --stage -- setup.sh [2ms]
2025-04-23 20:32:05.645 [info] > git cat-file -s 74016535e2c3c4aa10b30591d5c378219150aeaa [2ms]
2025-04-23 20:32:05.668 [info] > git show --textconv :setup.sh [3ms]
2025-04-23 20:32:14.467 [info] > git config --get commit.template [22ms]
2025-04-23 20:32:14.467 [info] > git for-each-ref --format=%(refname)%00%(upstream:short)%00%(objectname)%00%(upstream:track)%00%(upstream:remotename)%00%(upstream:remoteref) refs/heads/main refs/remotes/main [1ms]
2025-04-23 20:32:14.509 [info] > git status -z -uall [21ms]
2025-04-23 20:32:14.510 [info] > git for-each-ref --sort -committerdate --format %(refname)%00%(objectname)%00%(*objectname) [2ms]
2025-04-23 20:32:42.854 [info] > git config --get commit.template [23ms]
2025-04-23 20:32:42.855 [info] > git for-each-ref --format=%(refname)%00%(upstream:short)%00%(objectname)%00%(upstream:track)%00%(upstream:remotename)%00%(upstream:remoteref) refs/heads/main refs/remotes/main [2ms]
2025-04-23 20:32:42.901 [info] > git status -z -uall [23ms]
2025-04-23 20:32:42.902 [info] > git for-each-ref --sort -committerdate --format %(refname)%00%(objectname)%00%(*objectname) [2ms]
2025-04-23 20:33:47.186 [info] > git config --get commit.template [24ms]
2025-04-23 20:33:47.187 [info] > git for-each-ref --format=%(refname)%00%(upstream:short)%00%(objectname)%00%(upstream:track)%00%(upstream:remotename)%00%(upstream:remoteref) refs/heads/main refs/remotes/main [2ms]
2025-04-23 20:33:47.235 [info] > git status -z -uall [25ms]
2025-04-23 20:33:47.236 [info] > git for-each-ref --sort -committerdate --format %(refname)%00%(objectname)%00%(*objectname) [2ms]
2025-04-23 20:34:08.257 [info] > git config --get commit.template [24ms]
2025-04-23 20:34:08.259 [info] > git for-each-ref --format=%(refname)%00%(upstream:short)%00%(objectname)%00%(upstream:track)%00%(upstream:remotename)%00%(upstream:remoteref) refs/heads/main refs/remotes/main [2ms]
2025-04-23 20:34:08.305 [info] > git status -z -uall [24ms]
2025-04-23 20:34:08.306 [info] > git for-each-ref --sort -committerdate --format %(refname)%00%(objectname)%00%(*objectname) [1ms]
2025-04-23 20:34:56.834 [info] > git config --get commit.template [24ms]
2025-04-23 20:34:56.835 [info] > git for-each-ref --format=%(refname)%00%(upstream:short)%00%(objectname)%00%(upstream:track)%00%(upstream:remotename)%00%(upstream:remoteref) refs/heads/main refs/remotes/main [2ms]
2025-04-23 20:34:56.882 [info] > git status -z -uall [25ms]
2025-04-23 20:34:56.883 [info] > git for-each-ref --sort -committerdate --format %(refname)%00%(objectname)%00%(*objectname) [2ms]
2025-04-23 20:35:04.992 [info] > git fetch [526ms]
2025-04-23 20:35:05.039 [info] > git config --get commit.template [24ms]
2025-04-23 20:35:05.040 [info] > git for-each-ref --format=%(refname)%00%(upstream:short)%00%(objectname)%00%(upstream:track)%00%(upstream:remotename)%00%(upstream:remoteref) refs/heads/main refs/remotes/main [2ms]
2025-04-23 20:35:05.086 [info] > git status -z -uall [24ms]
2025-04-23 20:35:05.087 [info] > git for-each-ref --sort -committerdate --format %(refname)%00%(objectname)%00%(*objectname) [3ms]
2025-04-23 20:35:06.212 [info] > git ls-files --stage -- setup.sh [2ms]
2025-04-23 20:35:06.235 [info] > git cat-file -s 74016535e2c3c4aa10b30591d5c378219150aeaa [2ms]
2025-04-23 20:35:06.260 [info] > git show --textconv :setup.sh [3ms]
2025-04-23 20:35:30.339 [info] > git config --get commit.template [23ms]
2025-04-23 20:35:30.339 [info] > git for-each-ref --format=%(refname)%00%(upstream:short)%00%(objectname)%00%(upstream:track)%00%(upstream:remotename)%00%(upstream:remoteref) refs/heads/main refs/remotes/main [1ms]
2025-04-23 20:35:30.386 [info] > git status -z -uall [23ms]
2025-04-23 20:35:30.387 [info] > git for-each-ref --sort -committerdate --format %(refname)%00%(objectname)%00%(*objectname) [2ms]
2025-04-23 20:35:54.649 [info] > git config --get commit.template [24ms]
2025-04-23 20:35:54.649 [info] > git for-each-ref --format=%(refname)%00%(upstream:short)%00%(objectname)%00%(upstream:track)%00%(upstream:remotename)%00%(upstream:remoteref) refs/heads/main refs/remotes/main [2ms]
2025-04-23 20:35:54.694 [info] > git status -z -uall [22ms]
2025-04-23 20:35:54.695 [info] > git for-each-ref --sort -committerdate --format %(refname)%00%(objectname)%00%(*objectname) [2ms]
2025-04-23 20:35:59.746 [info] > git for-each-ref --format=%(refname)%00%(upstream:short)%00%(objectname)%00%(upstream:track)%00%(upstream:remotename)%00%(upstream:remoteref) refs/heads/main refs/remotes/main [2ms]
2025-04-23 20:35:59.746 [info] > git config --get commit.template [26ms]
2025-04-23 20:35:59.796 [info] > git status -z -uall [24ms]
2025-04-23 20:35:59.797 [info] > git for-each-ref --sort -committerdate --format %(refname)%00%(objectname)%00%(*objectname) [3ms]
2025-04-23 20:36:04.844 [info] > git config --get commit.template [22ms]
2025-04-23 20:36:04.845 [info] > git for-each-ref --format=%(refname)%00%(upstream:short)%00%(objectname)%00%(upstream:track)%00%(upstream:remotename)%00%(upstream:remoteref) refs/heads/main refs/remotes/main [2ms]
2025-04-23 20:36:04.893 [info] > git status -z -uall [24ms]
2025-04-23 20:36:04.894 [info] > git for-each-ref --sort -committerdate --format %(refname)%00%(objectname)%00%(*objectname) [1ms]
2025-04-23 20:36:46.347 [info] > git config --get commit.template [22ms]
2025-04-23 20:36:46.347 [info] > git for-each-ref --format=%(refname)%00%(upstream:short)%00%(objectname)%00%(upstream:track)%00%(upstream:remotename)%00%(upstream:remoteref) refs/heads/main refs/remotes/main [1ms]
2025-04-23 20:36:46.393 [info] > git status -z -uall [23ms]
2025-04-23 20:36:46.394 [info] > git for-each-ref --sort -committerdate --format %(refname)%00%(objectname)%00%(*objectname) [2ms]
2025-04-23 20:37:20.315 [info] > git config --get commit.template [22ms]
2025-04-23 20:37:20.316 [info] > git for-each-ref --format=%(refname)%00%(upstream:short)%00%(objectname)%00%(upstream:track)%00%(upstream:remotename)%00%(upstream:remoteref) refs/heads/main refs/remotes/main [2ms]
2025-04-23 20:37:20.361 [info] > git status -z -uall [23ms]
2025-04-23 20:37:20.362 [info] > git for-each-ref --sort -committerdate --format %(refname)%00%(objectname)%00%(*objectname) [2ms]
2025-04-23 20:37:25.414 [info] > git config --get commit.template [24ms]
2025-04-23 20:37:25.415 [info] > git for-each-ref --format=%(refname)%00%(upstream:short)%00%(objectname)%00%(upstream:track)%00%(upstream:remotename)%00%(upstream:remoteref) refs/heads/main refs/remotes/main [1ms]
2025-04-23 20:37:25.461 [info] > git status -z -uall [23ms]
2025-04-23 20:37:25.462 [info] > git for-each-ref --sort -committerdate --format %(refname)%00%(objectname)%00%(*objectname) [2ms]
2025-04-23 20:37:55.171 [info] > git config --get commit.template [22ms]
2025-04-23 20:37:55.172 [info] > git for-each-ref --format=%(refname)%00%(upstream:short)%00%(objectname)%00%(upstream:track)%00%(upstream:remotename)%00%(upstream:remoteref) refs/heads/main refs/remotes/main [1ms]
2025-04-23 20:37:55.218 [info] > git status -z -uall [23ms]
2025-04-23 20:37:55.219 [info] > git for-each-ref --sort -committerdate --format %(refname)%00%(objectname)%00%(*objectname) [2ms]
2025-04-23 20:38:06.319 [info] > git ls-files --stage -- setup.sh [2ms]
2025-04-23 20:38:06.342 [info] > git cat-file -s 74016535e2c3c4aa10b30591d5c378219150aeaa [1ms]
2025-04-23 20:38:06.367 [info] > git show --textconv :setup.sh [2ms]
2025-04-23 20:38:32.405 [info] > git fetch [27293ms]
2025-04-23 20:38:32.405 [info] fatal: unable to access 'https://github.com/egirlcatnip/dotfiles.git/': Could not resolve host: github.com
2025-04-23 20:38:32.451 [info] > git config --get commit.template [23ms]
2025-04-23 20:38:32.452 [info] > git for-each-ref --format=%(refname)%00%(upstream:short)%00%(objectname)%00%(upstream:track)%00%(upstream:remotename)%00%(upstream:remoteref) refs/heads/main refs/remotes/main [1ms]
2025-04-23 20:38:32.498 [info] > git status -z -uall [23ms]
2025-04-23 20:38:32.499 [info] > git for-each-ref --sort -committerdate --format %(refname)%00%(objectname)%00%(*objectname) [2ms]
2025-04-23 20:38:40.776 [info] > git config --get commit.template [2ms]
2025-04-23 20:38:40.799 [info] > git for-each-ref --format=%(refname)%00%(upstream:short)%00%(objectname)%00%(upstream:track)%00%(upstream:remotename)%00%(upstream:remoteref) refs/heads/main refs/remotes/main [2ms]
2025-04-23 20:38:40.843 [info] > git status -z -uall [23ms]
2025-04-23 20:38:40.844 [info] > git for-each-ref --sort -committerdate --format %(refname)%00%(objectname)%00%(*objectname) [2ms]
2025-04-23 20:38:46.435 [info] > git config --get commit.template [22ms]
2025-04-23 20:38:46.436 [info] > git for-each-ref --format=%(refname)%00%(upstream:short)%00%(objectname)%00%(upstream:track)%00%(upstream:remotename)%00%(upstream:remoteref) refs/heads/main refs/remotes/main [2ms]
2025-04-23 20:38:46.482 [info] > git status -z -uall [25ms]
2025-04-23 20:38:46.483 [info] > git for-each-ref --sort -committerdate --format %(refname)%00%(objectname)%00%(*objectname) [3ms]
2025-04-23 20:38:47.871 [info] > git add -A -- . [26ms]
2025-04-23 20:38:47.910 [info] > git -c user.useConfigOnly=true commit --quiet --allow-empty-message --file - [15ms]
2025-04-23 20:38:47.935 [info] > git config --get commit.template [2ms]
2025-04-23 20:38:47.959 [info] > git config --get commit.template [1ms]
2025-04-23 20:38:47.983 [info] > git for-each-ref --format=%(refname)%00%(upstream:short)%00%(objectname)%00%(upstream:track)%00%(upstream:remotename)%00%(upstream:remoteref) refs/heads/main refs/remotes/main [1ms]
2025-04-23 20:38:48.029 [info] > git status -z -uall [24ms]
2025-04-23 20:38:48.031 [info] > git for-each-ref --sort -committerdate --format %(refname)%00%(objectname)%00%(*objectname) [2ms]
2025-04-23 20:38:48.087 [info] > git merge-base refs/heads/main refs/remotes/origin/main [3ms]
2025-04-23 20:38:48.113 [info] > git blame --root --incremental a526297d75f9749c34efd0eaf562473cfd6ac1da -- setup.sh [56ms]
2025-04-23 20:38:48.117 [info] > git diff --name-status -z --diff-filter=ADMR d691612aa1058c39543eb0224c46efb227ef4f48...refs/remotes/origin/main [4ms]
2025-04-23 20:38:48.144 [info] > git config --get commit.template [2ms]
2025-04-23 20:38:48.169 [info] > git for-each-ref --format=%(refname)%00%(upstream:short)%00%(objectname)%00%(upstream:track)%00%(upstream:remotename)%00%(upstream:remoteref) refs/heads/main refs/remotes/main [2ms]
2025-04-23 20:38:48.216 [info] > git status -z -uall [24ms]
2025-04-23 20:38:48.217 [info] > git for-each-ref --sort -committerdate --format %(refname)%00%(objectname)%00%(*objectname) [2ms]
2025-04-23 20:38:48.612 [info] > git log --oneline --cherry main...main@{upstream} -- [2ms]
2025-04-23 20:38:49.843 [info] > git ls-files --stage -- setup.sh [1ms]
2025-04-23 20:38:49.868 [info] > git cat-file -s 4bcc4fb7e04f5c8b1ec68c4a46c6080bab359f15 [1ms]
2025-04-23 20:38:49.895 [info] > git show --textconv :setup.sh [2ms]
2025-04-23 20:39:05.674 [info] > git pull --tags origin main [17040ms]
2025-04-23 20:39:05.674 [info] From https://github.com/egirlcatnip/dotfiles
 * branch            main       -> FETCH_HEAD
2025-04-23 20:39:42.900 [info] > git push origin main:main [37201ms]
2025-04-23 20:39:42.900 [info] To https://github.com/egirlcatnip/dotfiles.git
   d691612..a526297  main -> main
2025-04-23 20:39:42.943 [info] > git config --get commit.template [22ms]
2025-04-23 20:39:42.944 [info] > git for-each-ref --format=%(refname)%00%(upstream:short)%00%(objectname)%00%(upstream:track)%00%(upstream:remotename)%00%(upstream:remoteref) refs/heads/main refs/remotes/main [2ms]
2025-04-23 20:39:42.990 [info] > git status -z -uall [23ms]
2025-04-23 20:39:42.991 [info] > git for-each-ref --sort -committerdate --format %(refname)%00%(objectname)%00%(*objectname) [2ms]
2025-04-23 20:39:43.019 [info] > git merge-base refs/heads/main refs/remotes/origin/main [1ms]
2025-04-23 20:39:43.042 [info] > git diff --name-status -z --diff-filter=ADMR a526297d75f9749c34efd0eaf562473cfd6ac1da...refs/remotes/origin/main [1ms]
2025-04-23 20:39:59.815 [info] > git ls-files --stage -- setup.sh [2ms]
2025-04-23 20:39:59.838 [info] > git cat-file -s 4bcc4fb7e04f5c8b1ec68c4a46c6080bab359f15 [1ms]
2025-04-23 20:39:59.864 [info] > git show --textconv :setup.sh [2ms]
2025-04-23 20:45:37.673 [info] > git fetch [560ms]
2025-04-23 20:45:37.721 [info] > git config --get commit.template [22ms]
2025-04-23 20:45:37.722 [info] > git for-each-ref --format=%(refname)%00%(upstream:short)%00%(objectname)%00%(upstream:track)%00%(upstream:remotename)%00%(upstream:remoteref) refs/heads/main refs/remotes/main [2ms]
2025-04-23 20:45:37.764 [info] > git status -z -uall [22ms]
2025-04-23 20:45:37.765 [info] > git for-each-ref --sort -committerdate --format %(refname)%00%(objectname)%00%(*objectname) [2ms]
2025-04-23 20:45:38.888 [info] > git ls-files --stage -- setup.sh [2ms]
2025-04-23 20:45:38.910 [info] > git cat-file -s 4bcc4fb7e04f5c8b1ec68c4a46c6080bab359f15 [2ms]
2025-04-23 20:45:38.936 [info] > git show --textconv :setup.sh [2ms]
2025-04-23 20:49:39.996 [info] > git ls-files --stage -- setup.sh [2ms]
2025-04-23 20:49:40.018 [info] > git cat-file -s 4bcc4fb7e04f5c8b1ec68c4a46c6080bab359f15 [2ms]
2025-04-23 20:49:40.042 [info] > git show --textconv :setup.sh [2ms]
2025-04-23 20:49:41.353 [info] > git fetch [2560ms]
2025-04-23 20:49:41.392 [info] > git config --get commit.template [19ms]
2025-04-23 20:49:41.393 [info] > git for-each-ref --format=%(refname)%00%(upstream:short)%00%(objectname)%00%(upstream:track)%00%(upstream:remotename)%00%(upstream:remoteref) refs/heads/main refs/remotes/main [2ms]
2025-04-23 20:49:41.434 [info] > git status -z -uall [22ms]
2025-04-23 20:49:41.435 [info] > git for-each-ref --sort -committerdate --format %(refname)%00%(objectname)%00%(*objectname) [2ms]
2025-04-23 20:49:42.559 [info] > git ls-files --stage -- setup.sh [2ms]
2025-04-23 20:49:42.581 [info] > git cat-file -s 4bcc4fb7e04f5c8b1ec68c4a46c6080bab359f15 [2ms]
2025-04-23 20:49:42.604 [info] > git show --textconv :setup.sh [2ms]
2025-04-23 20:50:08.242 [info] > git config --get commit.template [1ms]
2025-04-23 20:50:08.266 [info] > git for-each-ref --format=%(refname)%00%(upstream:short)%00%(objectname)%00%(upstream:track)%00%(upstream:remotename)%00%(upstream:remoteref) refs/heads/main refs/remotes/main [1ms]
2025-04-23 20:50:08.311 [info] > git status -z -uall [23ms]
2025-04-23 20:50:08.312 [info] > git for-each-ref --sort -committerdate --format %(refname)%00%(objectname)%00%(*objectname) [1ms]
2025-04-23 20:50:13.364 [info] > git config --get commit.template [24ms]
2025-04-23 20:50:13.365 [info] > git for-each-ref --format=%(refname)%00%(upstream:short)%00%(objectname)%00%(upstream:track)%00%(upstream:remotename)%00%(upstream:remoteref) refs/heads/main refs/remotes/main [2ms]
2025-04-23 20:50:13.412 [info] > git status -z -uall [26ms]
2025-04-23 20:50:13.413 [info] > git for-each-ref --sort -committerdate --format %(refname)%00%(objectname)%00%(*objectname) [2ms]
2025-04-23 20:50:41.468 [info] > git config --get commit.template [27ms]
2025-04-23 20:50:41.469 [info] > git for-each-ref --format=%(refname)%00%(upstream:short)%00%(objectname)%00%(upstream:track)%00%(upstream:remotename)%00%(upstream:remoteref) refs/heads/main refs/remotes/main [2ms]
2025-04-23 20:50:41.516 [info] > git status -z -uall [25ms]
2025-04-23 20:50:41.517 [info] > git for-each-ref --sort -committerdate --format %(refname)%00%(objectname)%00%(*objectname) [2ms]
2025-04-23 20:50:50.628 [info] > git config --get commit.template [22ms]
2025-04-23 20:50:50.629 [info] > git for-each-ref --format=%(refname)%00%(upstream:short)%00%(objectname)%00%(upstream:track)%00%(upstream:remotename)%00%(upstream:remoteref) refs/heads/main refs/remotes/main [1ms]
2025-04-23 20:50:50.674 [info] > git status -z -uall [23ms]
2025-04-23 20:50:50.675 [info] > git for-each-ref --sort -committerdate --format %(refname)%00%(objectname)%00%(*objectname) [2ms]
2025-04-23 20:54:06.641 [info] > git fetch [524ms]
2025-04-23 20:54:06.666 [info] > git config --get commit.template [2ms]
2025-04-23 20:54:06.689 [info] > git for-each-ref --format=%(refname)%00%(upstream:short)%00%(objectname)%00%(upstream:track)%00%(upstream:remotename)%00%(upstream:remoteref) refs/heads/main refs/remotes/main [1ms]
2025-04-23 20:54:06.738 [info] > git status -z -uall [25ms]
2025-04-23 20:54:06.738 [info] > git for-each-ref --sort -committerdate --format %(refname)%00%(objectname)%00%(*objectname) [2ms]
2025-04-23 20:54:07.864 [info] > git ls-files --stage -- setup.sh [3ms]
2025-04-23 20:54:07.892 [info] > git cat-file -s 4bcc4fb7e04f5c8b1ec68c4a46c6080bab359f15 [5ms]
2025-04-23 20:54:07.917 [info] > git show --textconv :setup.sh [2ms]
2025-04-23 20:54:08.395 [info] > git config --get commit.template [24ms]
2025-04-23 20:54:08.396 [info] > git for-each-ref --format=%(refname)%00%(upstream:short)%00%(objectname)%00%(upstream:track)%00%(upstream:remotename)%00%(upstream:remoteref) refs/heads/main refs/remotes/main [1ms]
2025-04-23 20:54:08.445 [info] > git status -z -uall [25ms]
2025-04-23 20:54:08.447 [info] > git for-each-ref --sort -committerdate --format %(refname)%00%(objectname)%00%(*objectname) [2ms]
2025-04-23 20:54:13.498 [info] > git config --get commit.template [25ms]
2025-04-23 20:54:13.499 [info] > git for-each-ref --format=%(refname)%00%(upstream:short)%00%(objectname)%00%(upstream:track)%00%(upstream:remotename)%00%(upstream:remoteref) refs/heads/main refs/remotes/main [2ms]
2025-04-23 20:54:13.545 [info] > git status -z -uall [23ms]
2025-04-23 20:54:13.546 [info] > git for-each-ref --sort -committerdate --format %(refname)%00%(objectname)%00%(*objectname) [2ms]
2025-04-23 20:54:47.012 [info] > git config --get commit.template [1ms]
2025-04-23 20:54:47.035 [info] > git for-each-ref --format=%(refname)%00%(upstream:short)%00%(objectname)%00%(upstream:track)%00%(upstream:remotename)%00%(upstream:remoteref) refs/heads/main refs/remotes/main [1ms]
2025-04-23 20:54:47.084 [info] > git status -z -uall [26ms]
2025-04-23 20:54:47.085 [info] > git for-each-ref --sort -committerdate --format %(refname)%00%(objectname)%00%(*objectname) [2ms]
2025-04-23 20:54:52.134 [info] > git config --get commit.template [24ms]
2025-04-23 20:54:52.135 [info] > git for-each-ref --format=%(refname)%00%(upstream:short)%00%(objectname)%00%(upstream:track)%00%(upstream:remotename)%00%(upstream:remoteref) refs/heads/main refs/remotes/main [2ms]
2025-04-23 20:54:52.183 [info] > git status -z -uall [25ms]
2025-04-23 20:54:52.184 [info] > git for-each-ref --sort -committerdate --format %(refname)%00%(objectname)%00%(*objectname) [2ms]
2025-04-23 20:55:02.109 [info] > git config --get commit.template [24ms]
2025-04-23 20:55:02.109 [info] > git for-each-ref --format=%(refname)%00%(upstream:short)%00%(objectname)%00%(upstream:track)%00%(upstream:remotename)%00%(upstream:remoteref) refs/heads/main refs/remotes/main [1ms]
2025-04-23 20:55:02.156 [info] > git status -z -uall [24ms]
2025-04-23 20:55:02.157 [info] > git for-each-ref --sort -committerdate --format %(refname)%00%(objectname)%00%(*objectname) [2ms]
2025-04-23 20:55:20.055 [info] > git config --get commit.template [23ms]
2025-04-23 20:55:20.055 [info] > git for-each-ref --format=%(refname)%00%(upstream:short)%00%(objectname)%00%(upstream:track)%00%(upstream:remotename)%00%(upstream:remoteref) refs/heads/main refs/remotes/main [1ms]
2025-04-23 20:55:20.104 [info] > git status -z -uall [26ms]
2025-04-23 20:55:20.104 [info] > git for-each-ref --sort -committerdate --format %(refname)%00%(objectname)%00%(*objectname) [2ms]
2025-04-23 20:55:49.049 [info] > git config --get commit.template [24ms]
2025-04-23 20:55:49.049 [info] > git for-each-ref --format=%(refname)%00%(upstream:short)%00%(objectname)%00%(upstream:track)%00%(upstream:remotename)%00%(upstream:remoteref) refs/heads/main refs/remotes/main [1ms]
2025-04-23 20:55:49.093 [info] > git status -z -uall [22ms]
2025-04-23 20:55:49.094 [info] > git for-each-ref --sort -committerdate --format %(refname)%00%(objectname)%00%(*objectname) [1ms]
2025-04-23 20:56:14.457 [info] > git config --get commit.template [2ms]
2025-04-23 20:56:14.481 [info] > git for-each-ref --format=%(refname)%00%(upstream:short)%00%(objectname)%00%(upstream:track)%00%(upstream:remotename)%00%(upstream:remoteref) refs/heads/main refs/remotes/main [2ms]
2025-04-23 20:56:14.529 [info] > git status -z -uall [24ms]
2025-04-23 20:56:14.529 [info] > git for-each-ref --sort -committerdate --format %(refname)%00%(objectname)%00%(*objectname) [1ms]
2025-04-23 20:56:29.882 [info] > git config --get commit.template [24ms]
2025-04-23 20:56:29.882 [info] > git for-each-ref --format=%(refname)%00%(upstream:short)%00%(objectname)%00%(upstream:track)%00%(upstream:remotename)%00%(upstream:remoteref) refs/heads/main refs/remotes/main [1ms]
2025-04-23 20:56:29.928 [info] > git status -z -uall [24ms]
2025-04-23 20:56:29.929 [info] > git for-each-ref --sort -committerdate --format %(refname)%00%(objectname)%00%(*objectname) [2ms]
2025-04-23 20:57:07.335 [info] > git fetch [571ms]
2025-04-23 20:57:07.378 [info] > git config --get commit.template [22ms]
2025-04-23 20:57:07.378 [info] > git for-each-ref --format=%(refname)%00%(upstream:short)%00%(objectname)%00%(upstream:track)%00%(upstream:remotename)%00%(upstream:remoteref) refs/heads/main refs/remotes/main [1ms]
2025-04-23 20:57:07.421 [info] > git status -z -uall [21ms]
2025-04-23 20:57:07.422 [info] > git for-each-ref --sort -committerdate --format %(refname)%00%(objectname)%00%(*objectname) [1ms]
2025-04-23 20:57:08.549 [info] > git ls-files --stage -- setup.sh [2ms]
2025-04-23 20:57:08.574 [info] > git cat-file -s 4bcc4fb7e04f5c8b1ec68c4a46c6080bab359f15 [2ms]
2025-04-23 20:57:08.601 [info] > git show --textconv :setup.sh [2ms]
2025-04-23 20:59:59.972 [info] > git config --get commit.template [23ms]
2025-04-23 20:59:59.973 [info] > git for-each-ref --format=%(refname)%00%(upstream:short)%00%(objectname)%00%(upstream:track)%00%(upstream:remotename)%00%(upstream:remoteref) refs/heads/main refs/remotes/main [1ms]
2025-04-23 21:00:00.020 [info] > git status -z -uall [24ms]
2025-04-23 21:00:00.021 [info] > git for-each-ref --sort -committerdate --format %(refname)%00%(objectname)%00%(*objectname) [2ms]
2025-04-23 21:00:08.159 [info] > git fetch [710ms]
2025-04-23 21:00:08.182 [info] > git config --get commit.template [1ms]
2025-04-23 21:00:08.203 [info] > git for-each-ref --format=%(refname)%00%(upstream:short)%00%(objectname)%00%(upstream:track)%00%(upstream:remotename)%00%(upstream:remoteref) refs/heads/main refs/remotes/main [1ms]
2025-04-23 21:00:08.245 [info] > git status -z -uall [22ms]
2025-04-23 21:00:08.246 [info] > git for-each-ref --sort -committerdate --format %(refname)%00%(objectname)%00%(*objectname) [2ms]
2025-04-23 21:00:09.374 [info] > git ls-files --stage -- setup.sh [2ms]
2025-04-23 21:00:09.393 [info] > git cat-file -s 4bcc4fb7e04f5c8b1ec68c4a46c6080bab359f15 [2ms]
2025-04-23 21:00:09.417 [info] > git show --textconv :setup.sh [2ms]
2025-04-23 21:00:54.498 [info] > git config --get commit.template [2ms]
2025-04-23 21:00:54.522 [info] > git for-each-ref --format=%(refname)%00%(upstream:short)%00%(objectname)%00%(upstream:track)%00%(upstream:remotename)%00%(upstream:remoteref) refs/heads/main refs/remotes/main [1ms]
2025-04-23 21:00:54.569 [info] > git status -z -uall [24ms]
2025-04-23 21:00:54.570 [info] > git for-each-ref --sort -committerdate --format %(refname)%00%(objectname)%00%(*objectname) [2ms]
2025-04-23 21:00:55.578 [info] > git check-ignore -v -z --stdin [4ms]
2025-04-23 21:01:00.628 [info] > git config --get commit.template [1ms]
2025-04-23 21:01:00.652 [info] > git for-each-ref --format=%(refname)%00%(upstream:short)%00%(objectname)%00%(upstream:track)%00%(upstream:remotename)%00%(upstream:remoteref) refs/heads/main refs/remotes/main [1ms]
2025-04-23 21:01:00.701 [info] > git for-each-ref --sort -committerdate --format %(refname)%00%(objectname)%00%(*objectname) [3ms]
2025-04-23 21:01:00.727 [info] > git ls-files --stage -- setup.sh [2ms]
2025-04-23 21:01:00.754 [info] > git status -z -uall [78ms]
2025-04-23 21:01:00.754 [info] > git cat-file -s 4bcc4fb7e04f5c8b1ec68c4a46c6080bab359f15 [4ms]
2025-04-23 21:01:00.859 [info] > git show --textconv :setup.sh [2ms]
2025-04-23 21:01:01.793 [info] > git check-ignore -v -z --stdin [3ms]
2025-04-23 21:01:12.092 [info] > git config --get commit.template [22ms]
2025-04-23 21:01:12.093 [info] > git for-each-ref --format=%(refname)%00%(upstream:short)%00%(objectname)%00%(upstream:track)%00%(upstream:remotename)%00%(upstream:remoteref) refs/heads/main refs/remotes/main [1ms]
2025-04-23 21:01:12.139 [info] > git for-each-ref --sort -committerdate --format %(refname)%00%(objectname)%00%(*objectname) [2ms]
2025-04-23 21:01:12.164 [info] > git status -z -uall [49ms]
2025-04-23 21:01:26.080 [warning] [Git][getHEAD] Failed to parse HEAD file: ENOENT: no such file or directory, open '/home/egirlcatnip/Repos/dotfiles/.git/HEAD'
2025-04-23 21:01:26.103 [warning] [Git][getRemotes] Error: ENOENT: no such file or directory, open '/home/egirlcatnip/Repos/dotfiles/.git/config'
2025-04-23 21:01:26.126 [info] > git remote --verbose [23ms]
2025-04-23 21:01:26.126 [info] fatal: not a git repository (or any parent up to mount point /)
Stopping at filesystem boundary (GIT_DISCOVERY_ACROSS_FILESYSTEM not set).
2025-04-23 21:01:26.130 [info] > git symbolic-ref --short HEAD [50ms]
2025-04-23 21:01:26.130 [info] fatal: not a git repository (or any parent up to mount point /)
Stopping at filesystem boundary (GIT_DISCOVERY_ACROSS_FILESYSTEM not set).
2025-04-23 21:01:26.176 [warning] [Git][getHEAD] Failed to parse HEAD file: ENOENT: no such file or directory, open '/home/egirlcatnip/Repos/dotfiles/.git/HEAD'
2025-04-23 21:01:26.198 [warning] [Git][getRemotes] Error: ENOENT: no such file or directory, open '/home/egirlcatnip/Repos/dotfiles/.git/config'
2025-04-23 21:01:26.218 [info] > git config --get commit.template [93ms]
2025-04-23 21:01:26.221 [info] > git config --get commit.template [4ms]
2025-04-23 21:01:26.221 [info] > git remote --verbose [23ms]
2025-04-23 21:01:26.221 [info] fatal: not a git repository (or any parent up to mount point /)
Stopping at filesystem boundary (GIT_DISCOVERY_ACROSS_FILESYSTEM not set).
2025-04-23 21:01:26.221 [info] > git symbolic-ref --short HEAD [45ms]
2025-04-23 21:01:26.221 [info] fatal: not a git repository (or any parent up to mount point /)
Stopping at filesystem boundary (GIT_DISCOVERY_ACROSS_FILESYSTEM not set).
2025-04-23 21:01:26.246 [info] > git rev-parse HEAD [93ms]
2025-04-23 21:01:26.246 [info] fatal: not a git repository (or any parent up to mount point /)
Stopping at filesystem boundary (GIT_DISCOVERY_ACROSS_FILESYSTEM not set).
2025-04-23 21:01:26.247 [warning] [GitFileSystemProvider][stat] Repository not found - git:/home/egirlcatnip/Repos/dotfiles/setup.sh.git?%7B%22path%22%3A%22%2Fhome%2Fegirlcatnip%2FRepos%2Fdotfiles%2Fsetup.sh%22%2C%22ref%22%3A%22%22%7D
2025-04-23 21:01:26.247 [info] > git rev-parse HEAD [2ms]
2025-04-23 21:01:26.247 [info] fatal: not a git repository (or any parent up to mount point /)
Stopping at filesystem boundary (GIT_DISCOVERY_ACROSS_FILESYSTEM not set).
2025-04-23 21:01:27.326 [info] > git rev-parse --show-toplevel [1ms]
2025-04-23 21:01:27.347 [info] > git rev-parse --git-dir --git-common-dir [1ms]
2025-04-23 21:01:27.377 [info] [Model][openRepository] Opened repository: /home/egirlcatnip/Repos/dotfiles
2025-04-23 21:01:27.405 [info] > git config --get commit.template [4ms]
2025-04-23 21:01:27.405 [info] > git fetch [29ms]
2025-04-23 21:01:27.451 [info] [Git][getRemotes] No remotes found in the git config file
2025-04-23 21:01:27.452 [info] > git config --get commit.template [22ms]
2025-04-23 21:01:27.476 [info] [Git][getRemotes] No remotes found in the git config file
2025-04-23 21:01:27.476 [info] > git for-each-ref --format=%(refname)%00%(upstream:short)%00%(objectname)%00%(upstream:track)%00%(upstream:remotename)%00%(upstream:remoteref) refs/heads/master refs/remotes/master [25ms]
2025-04-23 21:01:27.476 [warning] [Git][getBranch] No such branch: master
2025-04-23 21:01:27.525 [info] > git for-each-ref --format=%(refname)%00%(upstream:short)%00%(objectname)%00%(upstream:track)%00%(upstream:remotename)%00%(upstream:remoteref) refs/heads/master refs/remotes/master [24ms]
2025-04-23 21:01:27.525 [warning] [Git][getBranch] No such branch: master
2025-04-23 21:01:27.526 [error] [GitHistoryProvider][resolveHEADMergeBase] Failed to resolve merge base for master: Error: No such branch: master.
2025-04-23 21:01:27.526 [info] > git for-each-ref --format=%(refname)%00%(upstream:short)%00%(objectname)%00%(upstream:track)%00%(upstream:remotename)%00%(upstream:remoteref) refs/heads/master refs/remotes/master [50ms]
2025-04-23 21:01:27.526 [warning] [Git][getBranch] No such branch: master
2025-04-23 21:01:27.527 [info] > git config --get commit.template [3ms]
2025-04-23 21:01:27.557 [info] [Git][getRemotes] No remotes found in the git config file
2025-04-23 21:01:27.558 [info] > git for-each-ref --format=%(refname)%00%(upstream:short)%00%(objectname)%00%(upstream:track)%00%(upstream:remotename)%00%(upstream:remoteref) refs/heads/master refs/remotes/master [1ms]
2025-04-23 21:01:27.558 [warning] [Git][getBranch] No such branch: master
2025-04-23 21:01:27.609 [info] > git for-each-ref --sort -committerdate --format %(refname)%00%(objectname)%00%(*objectname) [1ms]
2025-04-23 21:01:27.626 [info] > git status -z -uall [43ms]
2025-04-23 21:01:27.695 [info] > git config --get commit.template [5ms]
2025-04-23 21:01:27.695 [info] [Git][getRemotes] No remotes found in the git config file
2025-04-23 21:01:27.719 [info] > git for-each-ref --format=%(refname)%00%(upstream:short)%00%(objectname)%00%(upstream:track)%00%(upstream:remotename)%00%(upstream:remoteref) refs/heads/master refs/remotes/master [1ms]
2025-04-23 21:01:27.719 [warning] [Git][getBranch] No such branch: master
2025-04-23 21:01:28.007 [info] > git for-each-ref --sort -committerdate --format %(refname)%00%(objectname)%00%(*objectname) [241ms]
2025-04-23 21:01:28.036 [info] > git check-ignore -v -z --stdin [3ms]
2025-04-23 21:01:28.037 [info] > git status -z -uall [295ms]
2025-04-23 21:01:28.647 [info] > git ls-files --stage -- setup.sh [1ms]
2025-04-23 21:01:28.664 [info] > git hash-object -t tree /dev/null [1ms]
2025-04-23 21:01:28.664 [warning] [GitFileSystemProvider][stat] File not found - git:/home/egirlcatnip/Repos/dotfiles/setup.sh.git?%7B%22path%22%3A%22%2Fhome%2Fegirlcatnip%2FRepos%2Fdotfiles%2Fsetup.sh%22%2C%22ref%22%3A%22%22%7D
2025-04-23 21:02:11.910 [info] > git config --get commit.template [22ms]
2025-04-23 21:02:11.911 [info] > git for-each-ref --format=%(refname)%00%(upstream:short)%00%(objectname)%00%(upstream:track)%00%(upstream:remotename)%00%(upstream:remoteref) refs/heads/master refs/remotes/master [2ms]
2025-04-23 21:02:11.911 [warning] [Git][getBranch] No such branch: master
2025-04-23 21:02:11.954 [info] > git for-each-ref --sort -committerdate --format %(refname)%00%(objectname)%00%(*objectname) [1ms]
2025-04-23 21:02:11.991 [info] > git status -z -uall [60ms]
2025-04-23 21:02:11.991 [info] > git ls-files --stage -- setup.sh [3ms]
2025-04-23 21:02:11.991 [warning] [GitFileSystemProvider][stat] File not found - git:/home/egirlcatnip/Repos/dotfiles/setup.sh.git?%7B%22path%22%3A%22%2Fhome%2Fegirlcatnip%2FRepos%2Fdotfiles%2Fsetup.sh%22%2C%22ref%22%3A%22%22%7D
2025-04-23 21:03:04.668 [info] [Git][getRemotes] No remotes found in the git config file
2025-04-23 21:03:04.669 [info] > git config --get commit.template [25ms]
2025-04-23 21:03:04.669 [info] > git for-each-ref --format=%(refname)%00%(upstream:short)%00%(objectname)%00%(upstream:track)%00%(upstream:remotename)%00%(upstream:remoteref) refs/heads/main refs/remotes/main [1ms]
2025-04-23 21:03:04.669 [warning] [Git][getBranch] No such branch: main
2025-04-23 21:03:04.717 [info] > git for-each-ref --sort -committerdate --format %(refname)%00%(objectname)%00%(*objectname) [1ms]
2025-04-23 21:03:04.747 [info] > git ls-files --stage -- setup.sh [2ms]
2025-04-23 21:03:04.747 [warning] [GitFileSystemProvider][stat] File not found - git:/home/egirlcatnip/Repos/dotfiles/setup.sh.git?%7B%22path%22%3A%22%2Fhome%2Fegirlcatnip%2FRepos%2Fdotfiles%2Fsetup.sh%22%2C%22ref%22%3A%22%22%7D
2025-04-23 21:03:04.748 [info] > git status -z -uall [56ms]
2025-04-23 21:03:04.810 [info] > git for-each-ref --format=%(refname)%00%(upstream:short)%00%(objectname)%00%(upstream:track)%00%(upstream:remotename)%00%(upstream:remoteref) refs/heads/main refs/remotes/main [3ms]
2025-04-23 21:03:04.810 [warning] [Git][getBranch] No such branch: main
2025-04-23 21:03:04.810 [error] [GitHistoryProvider][resolveHEADMergeBase] Failed to resolve merge base for main: Error: No such branch: main.
2025-04-23 21:03:36.657 [info] > git config --get commit.template [1ms]
2025-04-23 21:03:36.681 [info] > git for-each-ref --format=%(refname)%00%(upstream:short)%00%(objectname)%00%(upstream:track)%00%(upstream:remotename)%00%(upstream:remoteref) refs/heads/main refs/remotes/main [1ms]
2025-04-23 21:03:36.681 [warning] [Git][getBranch] No such branch: main
2025-04-23 21:03:36.727 [info] > git for-each-ref --sort -committerdate --format %(refname)%00%(objectname)%00%(*objectname) [2ms]
2025-04-23 21:03:36.754 [info] > git status -z -uall [52ms]
2025-04-23 21:03:36.754 [info] > git ls-files --stage -- setup.sh [2ms]
2025-04-23 21:03:36.755 [warning] [GitFileSystemProvider][stat] File not found - git:/home/egirlcatnip/Repos/dotfiles/setup.sh.git?%7B%22path%22%3A%22%2Fhome%2Fegirlcatnip%2FRepos%2Fdotfiles%2Fsetup.sh%22%2C%22ref%22%3A%22%22%7D
2025-04-23 21:03:48.022 [info] > git config --get commit.template [17ms]
2025-04-23 21:03:48.022 [info] > git for-each-ref --format=%(refname)%00%(upstream:short)%00%(objectname)%00%(upstream:track)%00%(upstream:remotename)%00%(upstream:remoteref) refs/heads/main refs/remotes/main [1ms]
2025-04-23 21:03:48.023 [warning] [Git][getBranch] No such branch: main
2025-04-23 21:03:48.058 [info] > git for-each-ref --sort -committerdate --format %(refname)%00%(objectname)%00%(*objectname) [1ms]
2025-04-23 21:03:48.064 [info] > git status -z -uall [25ms]
2025-04-23 21:03:48.118 [info] > git ls-files --stage -- setup.sh [3ms]
2025-04-23 21:03:48.136 [info] > git cat-file -s c3ef68f1d601426e51a108da6cf203f647cccee1 [1ms]
2025-04-23 21:03:48.157 [info] > git show --textconv :setup.sh [2ms]
2025-04-23 21:03:48.444 [info] > git show --textconv HEAD:setup.sh [18ms]
2025-04-23 21:03:48.445 [warning] [GitFileSystemProvider][readFile] File not found - git:/home/egirlcatnip/Repos/dotfiles/setup.sh.git?%7B%22path%22%3A%22%2Fhome%2Fegirlcatnip%2FRepos%2Fdotfiles%2Fsetup.sh%22%2C%22ref%22%3A%22HEAD%22%7D
2025-04-23 21:03:48.445 [info] > git ls-tree -l HEAD -- setup.sh [2ms]
2025-04-23 21:03:48.445 [info] fatal: Not a valid object name HEAD
2025-04-23 21:03:48.445 [warning] [GitFileSystemProvider][stat] File not found - git:/home/egirlcatnip/Repos/dotfiles/setup.sh.git?%7B%22path%22%3A%22%2Fhome%2Fegirlcatnip%2FRepos%2Fdotfiles%2Fsetup.sh%22%2C%22ref%22%3A%22HEAD%22%7D
2025-04-23 21:04:19.647 [info] > git config --get commit.template [20ms]
2025-04-23 21:04:19.647 [info] > git for-each-ref --format=%(refname)%00%(upstream:short)%00%(objectname)%00%(upstream:track)%00%(upstream:remotename)%00%(upstream:remoteref) refs/heads/main refs/remotes/main [1ms]
2025-04-23 21:04:19.690 [info] > git for-each-ref --sort -committerdate --format %(refname)%00%(objectname)%00%(*objectname) [1ms]
2025-04-23 21:04:19.699 [info] > git status -z -uall [33ms]
2025-04-23 21:04:19.734 [info] > git blame --root --incremental b46b9805f8907530096c34f3fdcd18d8ef22179a -- setup.sh [2ms]
2025-04-23 21:04:19.758 [info] > git ls-files --stage -- setup.sh [3ms]
2025-04-23 21:04:19.784 [info] > git cat-file -s c3ef68f1d601426e51a108da6cf203f647cccee1 [2ms]
2025-04-23 21:04:19.811 [info] > git show --textconv :setup.sh [3ms]
2025-04-23 21:04:28.758 [info] > git ls-files --stage -- setup.sh [3ms]
2025-04-23 21:04:28.779 [info] > git cat-file -s c3ef68f1d601426e51a108da6cf203f647cccee1 [1ms]
2025-04-23 21:04:28.802 [info] > git show --textconv :setup.sh [2ms]
2025-04-23 21:04:45.905 [info] > git fetch [18353ms]
2025-04-23 21:04:45.905 [info] From https://github.com/egirlcatnip/dotfiles
 * [new branch]      main       -> origin/main
2025-04-23 21:04:45.938 [info] > git config --get commit.template [15ms]
2025-04-23 21:04:45.938 [info] > git for-each-ref --format=%(refname)%00%(upstream:short)%00%(objectname)%00%(upstream:track)%00%(upstream:remotename)%00%(upstream:remoteref) refs/heads/main refs/remotes/main [1ms]
2025-04-23 21:04:45.973 [info] > git for-each-ref --sort -committerdate --format %(refname)%00%(objectname)%00%(*objectname) [2ms]
2025-04-23 21:04:45.977 [info] > git status -z -uall [24ms]
2025-04-23 21:04:47.023 [info] > git config --get commit.template [22ms]
2025-04-23 21:04:47.023 [info] > git for-each-ref --format=%(refname)%00%(upstream:short)%00%(objectname)%00%(upstream:track)%00%(upstream:remotename)%00%(upstream:remoteref) refs/heads/main refs/remotes/main [1ms]
2025-04-23 21:04:47.064 [info] > git for-each-ref --sort -committerdate --format %(refname)%00%(objectname)%00%(*objectname) [2ms]
2025-04-23 21:04:47.075 [info] > git status -z -uall [34ms]
2025-04-23 21:04:47.104 [info] > git ls-files --stage -- setup.sh [3ms]
2025-04-23 21:04:47.125 [info] > git cat-file -s c3ef68f1d601426e51a108da6cf203f647cccee1 [2ms]
2025-04-23 21:04:47.149 [info] > git show --textconv :setup.sh [3ms]
2025-04-23 21:04:50.168 [info] > git ls-files --stage -- setup.sh [15ms]
2025-04-23 21:04:50.193 [info] > git cat-file -s c3ef68f1d601426e51a108da6cf203f647cccee1 [2ms]
2025-04-23 21:04:50.218 [info] > git show --textconv :setup.sh [2ms]
2025-04-23 21:04:52.123 [info] > git config --get commit.template [20ms]
2025-04-23 21:04:52.123 [info] > git for-each-ref --format=%(refname)%00%(upstream:short)%00%(objectname)%00%(upstream:track)%00%(upstream:remotename)%00%(upstream:remoteref) refs/heads/main refs/remotes/main [1ms]
2025-04-23 21:04:52.165 [info] > git for-each-ref --sort -committerdate --format %(refname)%00%(objectname)%00%(*objectname) [2ms]
2025-04-23 21:04:52.176 [info] > git status -z -uall [34ms]
2025-04-23 21:04:52.202 [info] > git merge-base refs/heads/main refs/remotes/origin/main [2ms]
2025-04-23 21:04:52.225 [info] > git diff --name-status -z --diff-filter=ADMR b46b9805f8907530096c34f3fdcd18d8ef22179a...refs/remotes/origin/main [3ms]
2025-04-23 21:06:54.959 [info] > git config --get commit.template [23ms]
2025-04-23 21:06:54.960 [info] > git for-each-ref --format=%(refname)%00%(upstream:short)%00%(objectname)%00%(upstream:track)%00%(upstream:remotename)%00%(upstream:remoteref) refs/heads/main refs/remotes/main [2ms]
2025-04-23 21:06:55.008 [info] > git for-each-ref --sort -committerdate --format %(refname)%00%(objectname)%00%(*objectname) [2ms]
2025-04-23 21:06:55.017 [info] > git status -z -uall [33ms]
2025-04-23 21:06:56.420 [info] > git check-ignore -v -z --stdin [4ms]
2025-04-23 21:06:58.102 [info] > git add -A -- . [41ms]
2025-04-23 21:06:58.142 [info] > git -c user.useConfigOnly=true commit --quiet --allow-empty-message --file - [16ms]
2025-04-23 21:06:58.167 [info] > git config --get commit.template [1ms]
2025-04-23 21:06:58.192 [info] > git config --get commit.template [1ms]
2025-04-23 21:06:58.216 [info] > git for-each-ref --format=%(refname)%00%(upstream:short)%00%(objectname)%00%(upstream:track)%00%(upstream:remotename)%00%(upstream:remoteref) refs/heads/main refs/remotes/main [1ms]
2025-04-23 21:06:58.267 [info] > git for-each-ref --sort -committerdate --format %(refname)%00%(objectname)%00%(*objectname) [3ms]
2025-04-23 21:06:58.274 [info] > git status -z -uall [34ms]
2025-04-23 21:06:58.328 [info] > git merge-base refs/heads/main refs/remotes/origin/main [3ms]
2025-04-23 21:06:58.353 [info] > git blame --root --incremental 310470ee2830317cc0a66b47c242547398b60b38 -- setup.sh [52ms]
2025-04-23 21:06:58.354 [info] > git diff --name-status -z --diff-filter=ADMR b46b9805f8907530096c34f3fdcd18d8ef22179a...refs/remotes/origin/main [2ms]
2025-04-23 21:06:58.405 [info] > git config --get commit.template [26ms]
2025-04-23 21:06:58.406 [info] > git for-each-ref --format=%(refname)%00%(upstream:short)%00%(objectname)%00%(upstream:track)%00%(upstream:remotename)%00%(upstream:remoteref) refs/heads/main refs/remotes/main [1ms]
2025-04-23 21:06:58.455 [info] > git for-each-ref --sort -committerdate --format %(refname)%00%(objectname)%00%(*objectname) [2ms]
2025-04-23 21:06:58.464 [info] > git status -z -uall [35ms]
2025-04-23 21:06:59.014 [info] > git log --oneline --cherry main...main@{upstream} -- [2ms]
2025-04-23 21:06:59.771 [info] > git pull --tags origin main [734ms]
2025-04-23 21:06:59.771 [info] From https://github.com/egirlcatnip/dotfiles
 * branch            main       -> FETCH_HEAD
2025-04-23 21:07:00.965 [info] > git ls-files --stage -- setup.sh [3ms]
2025-04-23 21:07:00.990 [info] > git cat-file -s f7bc525c7e092535e5a5f2c72cedea7db8b9cda9 [2ms]
2025-04-23 21:07:01.019 [info] > git show --textconv :setup.sh [3ms]
2025-04-23 21:07:08.127 [info] > git push origin main:main [8334ms]
2025-04-23 21:07:08.127 [info] To https://github.com/egirlcatnip/dotfiles
   b46b980..310470e  main -> main
2025-04-23 21:07:08.174 [info] > git config --get commit.template [22ms]
2025-04-23 21:07:08.174 [info] > git for-each-ref --format=%(refname)%00%(upstream:short)%00%(objectname)%00%(upstream:track)%00%(upstream:remotename)%00%(upstream:remoteref) refs/heads/main refs/remotes/main [2ms]
2025-04-23 21:07:08.223 [info] > git for-each-ref --sort -committerdate --format %(refname)%00%(objectname)%00%(*objectname) [2ms]
2025-04-23 21:07:08.231 [info] > git status -z -uall [34ms]
2025-04-23 21:07:08.259 [info] > git merge-base refs/heads/main refs/remotes/origin/main [2ms]
2025-04-23 21:07:08.283 [info] > git diff --name-status -z --diff-filter=ADMR 310470ee2830317cc0a66b47c242547398b60b38...refs/remotes/origin/main [1ms]
2025-04-23 21:09:48.244 [info] > git ls-files --stage -- setup.sh [4ms]
2025-04-23 21:09:48.267 [info] > git cat-file -s f7bc525c7e092535e5a5f2c72cedea7db8b9cda9 [1ms]
2025-04-23 21:09:48.292 [info] > git show --textconv :setup.sh [2ms]
2025-04-23 21:10:16.024 [info] > git fetch [28986ms]
2025-04-23 21:10:16.024 [info] fatal: unable to access 'https://github.com/egirlcatnip/dotfiles/': Could not resolve host: github.com
2025-04-23 21:10:16.064 [info] > git config --get commit.template [19ms]
2025-04-23 21:10:16.065 [info] > git for-each-ref --format=%(refname)%00%(upstream:short)%00%(objectname)%00%(upstream:track)%00%(upstream:remotename)%00%(upstream:remoteref) refs/heads/main refs/remotes/main [2ms]
2025-04-23 21:10:16.108 [info] > git for-each-ref --sort -committerdate --format %(refname)%00%(objectname)%00%(*objectname) [2ms]
2025-04-23 21:10:16.120 [info] > git status -z -uall [37ms]
